{"logTime": "1012/113151", "correlationVector":"o/7Ac7TlXobBDBh/pD/CiC.150","action":"GetUpdates", "result":"DeleteReceived", "context":{"id":"dd4e3c43-c836-4693-a908-408d3419bb4b", "isDeleted:":"true", "version":"1725536036360"}}
{"logTime": "1012/113151", "correlationVector":"o/7Ac7TlXobBDBh/pD/CiC.151","action":"GetUpdates", "result":"DeleteReceived", "context":{"id":"26efab57-26e5-428f-9334-53d5a960762b", "isDeleted:":"true", "version":"1725536623712"}}
{"logTime": "1012/113151", "correlationVector":"o/7Ac7TlXobBDBh/pD/CiC.152","action":"GetUpdates", "result":"DeleteReceived", "context":{"id":"8bb414a4-9dff-4761-b295-ac7392c96af2", "isDeleted:":"true", "version":"1725549153036"}}
{"logTime": "1012/113151", "correlationVector":"o/7Ac7TlXobBDBh/pD/CiC.153","action":"GetUpdates", "result":"DeleteReceived", "context":{"id":"8a25a103-a281-4756-a483-87b870532631", "isDeleted:":"true", "version":"1725562263498"}}
{"logTime": "1012/113151", "correlationVector":"o/7Ac7TlXobBDBh/pD/CiC.154","action":"GetUpdates", "result":"DeleteReceived", "context":{"id":"38b021ef-28c9-4a18-8e7c-c3cd3fb68a10", "isDeleted:":"true", "version":"1725562263499"}}
{"logTime": "1012/113151", "correlationVector":"o/7Ac7TlXobBDBh/pD/CiC.155","action":"GetUpdates", "result":"DeleteReceived", "context":{"id":"cc7e670e-ac05-4344-9ac5-50946200a91c", "isDeleted:":"true", "version":"1725562704906"}}
{"logTime": "1012/113151", "correlationVector":"o/7Ac7TlXobBDBh/pD/CiC.156","action":"GetUpdates", "result":"DeleteReceived", "context":{"id":"87da2508-9381-48b6-909f-a93d32421bcf", "isDeleted:":"true", "version":"1725563841167"}}
{"logTime": "1012/113151", "correlationVector":"o/7Ac7TlXobBDBh/pD/CiC.157","action":"GetUpdates", "result":"DeleteReceived", "context":{"id":"9df8f923-dc90-44ef-9358-a0094672e2b5", "isDeleted:":"true", "version":"1725563841168"}}
{"logTime": "1012/113151", "correlationVector":"o/7Ac7TlXobBDBh/pD/CiC.158","action":"GetUpdates", "result":"DeleteReceived", "context":{"id":"01d0e0fc-bec0-42c6-8c23-2155d25d0726", "isDeleted:":"true", "version":"1725563841169"}}
{"logTime": "1012/113151", "correlationVector":"o/7Ac7TlXobBDBh/pD/CiC.159","action":"GetUpdates", "result":"DeleteReceived", "context":{"id":"c667559b-d958-4a65-90dd-06a7fedb5e15", "isDeleted:":"true", "version":"1725579893740"}}
{"logTime": "1012/113151", "correlationVector":"o/7Ac7TlXobBDBh/pD/CiC.160","action":"GetUpdates", "result":"DeleteReceived", "context":{"id":"683e350c-0e26-4fce-bc98-cc13fdf9af1f", "isDeleted:":"true", "version":"1725581899482"}}
{"logTime": "1012/113151", "correlationVector":"o/7Ac7TlXobBDBh/pD/CiC.161","action":"GetUpdates Response", "result":"Success", "context":Received 250 update(s). cV=o/7Ac7TlXobBDBh/pD/CiC.0;server=GENERAL01000000;cloudType=Consumer;environment=Prod_WestEurope_000l;migrationStage=NotStarted Some updates remain.}
{"logTime": "1012/113151", "correlationVector":"6TT7yIhnZchVIpjWvndY59","action":"Initial GetUpdates", "result":"", "context":Reason: NEWLY_SUPPORTED_DATATYPE. cV=6TT7yIhnZchVIpjWvndY59}
{"logTime": "1012/113152", "correlationVector":"6TT7yIhnZchVIpjWvndY59.1","action":"SyncServerConnectionManagerRequest", "result":"SYNC_SERVER_OK", "context":{"environment":"Prod_WestEurope_000l", "migrationStage":"NotStarted", "server":"GENERAL01000012"}}
{"logTime": "1012/113152", "correlationVector":"6TT7yIhnZchVIpjWvndY59.2","action":"GetUpdates", "result":"DeleteReceived", "context":{"id":"6c8bf6c6-54e8-4db7-99f0-02b80e7fd233", "isDeleted:":"true", "version":"1725581899483"}}
{"logTime": "1012/113152", "correlationVector":"6TT7yIhnZchVIpjWvndY59.3","action":"GetUpdates", "result":"DeleteReceived", "context":{"id":"9d66c6b7-4b92-42d2-a556-c7e1142b928a", "isDeleted:":"true", "version":"1725581899485"}}
{"logTime": "1012/113152", "correlationVector":"6TT7yIhnZchVIpjWvndY59.4","action":"GetUpdates", "result":"DeleteReceived", "context":{"id":"00e4a7f0-e77b-4c35-b093-af18a1e37c31", "isDeleted:":"true", "version":"1725623162032"}}
{"logTime": "1012/113152", "correlationVector":"6TT7yIhnZchVIpjWvndY59.5","action":"GetUpdates", "result":"DeleteReceived", "context":{"id":"de94eead-2068-49fb-9d43-9141a9ebc7ab", "isDeleted:":"true", "version":"1725623162034"}}
{"logTime": "1012/113152", "correlationVector":"6TT7yIhnZchVIpjWvndY59.6","action":"GetUpdates", "result":"DeleteReceived", "context":{"id":"5d1876de-f88c-48e8-8070-02ee57f8ebd5", "isDeleted:":"true", "version":"1725623473651"}}
{"logTime": "1012/113152", "correlationVector":"6TT7yIhnZchVIpjWvndY59.7","action":"GetUpdates", "result":"DeleteReceived", "context":{"id":"bde060dc-8edb-461d-9626-3369d8458e54", "isDeleted:":"true", "version":"1725623473655"}}
{"logTime": "1012/113152", "correlationVector":"6TT7yIhnZchVIpjWvndY59.8","action":"GetUpdates", "result":"DeleteReceived", "context":{"id":"4de758cd-7fb6-4541-b190-e0a66ee51da4", "isDeleted:":"true", "version":"1725625103454"}}
{"logTime": "1012/113152", "correlationVector":"6TT7yIhnZchVIpjWvndY59.9","action":"GetUpdates", "result":"DeleteReceived", "context":{"id":"7e3e7088-0e60-4c0a-b64f-f23ba0281fc2", "isDeleted:":"true", "version":"1725625103455"}}
{"logTime": "1012/113152", "correlationVector":"6TT7yIhnZchVIpjWvndY59.10","action":"GetUpdates", "result":"DeleteReceived", "context":{"id":"af2e5570-5bee-449a-9f97-5e572ef62530", "isDeleted:":"true", "version":"1725625103456"}}
{"logTime": "1012/113152", "correlationVector":"6TT7yIhnZchVIpjWvndY59.11","action":"GetUpdates", "result":"DeleteReceived", "context":{"id":"356fd1e5-db64-4df3-b607-aee6e443c2f8", "isDeleted:":"true", "version":"1725629625620"}}
{"logTime": "1012/113152", "correlationVector":"6TT7yIhnZchVIpjWvndY59.12","action":"GetUpdates", "result":"DeleteReceived", "context":{"id":"35fd3f0e-b6ab-4a88-8f47-73acf789d056", "isDeleted:":"true", "version":"1725629714933"}}
{"logTime": "1012/113152", "correlationVector":"6TT7yIhnZchVIpjWvndY59.13","action":"GetUpdates", "result":"DeleteReceived", "context":{"id":"aa3c409d-7c80-4066-8a0a-48738011bb9b", "isDeleted:":"true", "version":"1725646884477"}}
{"logTime": "1012/113152", "correlationVector":"6TT7yIhnZchVIpjWvndY59.14","action":"GetUpdates", "result":"DeleteReceived", "context":{"id":"25e20a68-cc3d-4cce-abc9-44dc99964a32", "isDeleted:":"true", "version":"1725654236455"}}
{"logTime": "1012/113152", "correlationVector":"6TT7yIhnZchVIpjWvndY59.15","action":"GetUpdates", "result":"DeleteReceived", "context":{"id":"a2578aa0-7433-422f-9be6-a1756aaba238", "isDeleted:":"true", "version":"1725654236457"}}
{"logTime": "1012/113152", "correlationVector":"6TT7yIhnZchVIpjWvndY59.16","action":"GetUpdates", "result":"DeleteReceived", "context":{"id":"5fb7a786-42f7-4fff-82bc-c0dcc7050798", "isDeleted:":"true", "version":"1725699351250"}}
{"logTime": "1012/113152", "correlationVector":"6TT7yIhnZchVIpjWvndY59.17","action":"GetUpdates", "result":"DeleteReceived", "context":{"id":"be9c4775-cfab-46fc-8e87-08b58edd99a3", "isDeleted:":"true", "version":"1725699640761"}}
{"logTime": "1012/113152", "correlationVector":"6TT7yIhnZchVIpjWvndY59.18","action":"GetUpdates", "result":"DeleteReceived", "context":{"id":"bc55b5c2-9625-469b-8c8e-97de8bb22956", "isDeleted:":"true", "version":"1725699640764"}}
{"logTime": "1012/113152", "correlationVector":"6TT7yIhnZchVIpjWvndY59.19","action":"GetUpdates", "result":"DeleteReceived", "context":{"id":"23b5abb8-fd65-408f-9bbf-663a60f389e5", "isDeleted:":"true", "version":"1725699672065"}}
{"logTime": "1012/113152", "correlationVector":"6TT7yIhnZchVIpjWvndY59.20","action":"GetUpdates", "result":"DeleteReceived", "context":{"id":"f8f64c25-b82d-47d8-8b7c-72f6bbbb6c55", "isDeleted:":"true", "version":"1725699672066"}}
{"logTime": "1012/113152", "correlationVector":"6TT7yIhnZchVIpjWvndY59.21","action":"GetUpdates", "result":"DeleteReceived", "context":{"id":"753fbfa2-09cd-4737-807d-a9d31db9e1dd", "isDeleted:":"true", "version":"1725707488943"}}
{"logTime": "1012/113152", "correlationVector":"6TT7yIhnZchVIpjWvndY59.22","action":"GetUpdates", "result":"DeleteReceived", "context":{"id":"d0cdfc13-cdde-4f15-a194-5528726c3e22", "isDeleted:":"true", "version":"1725709645002"}}
{"logTime": "1012/113152", "correlationVector":"6TT7yIhnZchVIpjWvndY59.23","action":"GetUpdates", "result":"DeleteReceived", "context":{"id":"47465414-25ae-42a3-a8e2-ee49e628ce4e", "isDeleted:":"true", "version":"1725709676114"}}
{"logTime": "1012/113152", "correlationVector":"6TT7yIhnZchVIpjWvndY59.24","action":"GetUpdates", "result":"DeleteReceived", "context":{"id":"fea1541a-bd34-493d-bc32-5003b1e4428b", "isDeleted:":"true", "version":"1725709676115"}}
{"logTime": "1012/113152", "correlationVector":"6TT7yIhnZchVIpjWvndY59.25","action":"GetUpdates", "result":"DeleteReceived", "context":{"id":"44c2192e-8b42-40f3-a3b3-400356e21583", "isDeleted:":"true", "version":"1725712170467"}}
{"logTime": "1012/113152", "correlationVector":"6TT7yIhnZchVIpjWvndY59.26","action":"GetUpdates", "result":"DeleteReceived", "context":{"id":"501fa659-d364-4189-8c7a-b3146ff9128e", "isDeleted:":"true", "version":"1725713781007"}}
{"logTime": "1012/113152", "correlationVector":"6TT7yIhnZchVIpjWvndY59.27","action":"GetUpdates", "result":"DeleteReceived", "context":{"id":"b4ebaf7d-3578-49b0-aab6-b2e45381cfd5", "isDeleted:":"true", "version":"1725721066005"}}
{"logTime": "1012/113152", "correlationVector":"6TT7yIhnZchVIpjWvndY59.28","action":"GetUpdates", "result":"DeleteReceived", "context":{"id":"bdc44347-f12f-443b-b86c-8a3d3ebbd88a", "isDeleted:":"true", "version":"1725721214250"}}
{"logTime": "1012/113152", "correlationVector":"6TT7yIhnZchVIpjWvndY59.29","action":"GetUpdates", "result":"DeleteReceived", "context":{"id":"fe5d3fab-c075-46f2-aef5-40d7953a9fc4", "isDeleted:":"true", "version":"1725721411795"}}
{"logTime": "1012/113152", "correlationVector":"6TT7yIhnZchVIpjWvndY59.30","action":"GetUpdates", "result":"DeleteReceived", "context":{"id":"8d732821-ca8b-40d5-b46d-b4a7aa603e8c", "isDeleted:":"true", "version":"1725721411796"}}
{"logTime": "1012/113152", "correlationVector":"6TT7yIhnZchVIpjWvndY59.31","action":"GetUpdates", "result":"DeleteReceived", "context":{"id":"51005ee5-eed3-44d7-9da7-2ff083372562", "isDeleted:":"true", "version":"1725721411797"}}
{"logTime": "1012/113152", "correlationVector":"6TT7yIhnZchVIpjWvndY59.32","action":"GetUpdates", "result":"DeleteReceived", "context":{"id":"fd543a1c-5b00-49ae-8391-bf670a4b8934", "isDeleted:":"true", "version":"1725721411799"}}
{"logTime": "1012/113152", "correlationVector":"6TT7yIhnZchVIpjWvndY59.33","action":"GetUpdates", "result":"DeleteReceived", "context":{"id":"820c35dc-adac-40ba-b01d-ead9c77c5c65", "isDeleted:":"true", "version":"1725721611977"}}
{"logTime": "1012/113152", "correlationVector":"6TT7yIhnZchVIpjWvndY59.34","action":"GetUpdates", "result":"DeleteReceived", "context":{"id":"590f1895-7401-40cf-9cc7-87117eb4ced4", "isDeleted:":"true", "version":"1725721626869"}}
{"logTime": "1012/113152", "correlationVector":"6TT7yIhnZchVIpjWvndY59.35","action":"GetUpdates", "result":"DeleteReceived", "context":{"id":"611bfa1b-3c3b-4b45-8fa2-328e2ac378c0", "isDeleted:":"true", "version":"1725721626870"}}
{"logTime": "1012/113152", "correlationVector":"6TT7yIhnZchVIpjWvndY59.36","action":"GetUpdates", "result":"DeleteReceived", "context":{"id":"2916f52d-e859-453c-80ca-e2f9518ec652", "isDeleted:":"true", "version":"1725721626871"}}
{"logTime": "1012/113152", "correlationVector":"6TT7yIhnZchVIpjWvndY59.37","action":"GetUpdates", "result":"DeleteReceived", "context":{"id":"45cd02fe-257c-4193-a563-6e8228a3baea", "isDeleted:":"true", "version":"1725721845788"}}
{"logTime": "1012/113152", "correlationVector":"6TT7yIhnZchVIpjWvndY59.38","action":"GetUpdates", "result":"DeleteReceived", "context":{"id":"8fb74864-2cb8-492b-a940-0840bd101b7e", "isDeleted:":"true", "version":"1725721845789"}}
{"logTime": "1012/113152", "correlationVector":"6TT7yIhnZchVIpjWvndY59.39","action":"GetUpdates", "result":"DeleteReceived", "context":{"id":"621bffeb-78e5-455d-8653-4c0040700b2f", "isDeleted:":"true", "version":"1725725456341"}}
{"logTime": "1012/113152", "correlationVector":"6TT7yIhnZchVIpjWvndY59.40","action":"GetUpdates", "result":"DeleteReceived", "context":{"id":"8bd9d07a-510a-43ad-875c-220fcc7ca5cb", "isDeleted:":"true", "version":"1725787993706"}}
{"logTime": "1012/113152", "correlationVector":"6TT7yIhnZchVIpjWvndY59.41","action":"GetUpdates", "result":"DeleteReceived", "context":{"id":"3149e680-251d-4347-adf9-919545d0f211", "isDeleted:":"true", "version":"1725787993708"}}
{"logTime": "1012/113152", "correlationVector":"6TT7yIhnZchVIpjWvndY59.42","action":"GetUpdates", "result":"DeleteReceived", "context":{"id":"1b77974d-da5c-49e8-a112-0489aa55a1c6", "isDeleted:":"true", "version":"1725792124717"}}
{"logTime": "1012/113152", "correlationVector":"6TT7yIhnZchVIpjWvndY59.43","action":"GetUpdates", "result":"DeleteReceived", "context":{"id":"0636f961-3329-4437-a7dc-9f0bf99a5213", "isDeleted:":"true", "version":"1725792124718"}}
{"logTime": "1012/113152", "correlationVector":"6TT7yIhnZchVIpjWvndY59.44","action":"GetUpdates", "result":"DeleteReceived", "context":{"id":"0c3030e0-35c4-456d-814f-16d517a03bda", "isDeleted:":"true", "version":"1725792711938"}}
{"logTime": "1012/113152", "correlationVector":"6TT7yIhnZchVIpjWvndY59.45","action":"GetUpdates", "result":"DeleteReceived", "context":{"id":"bb4774fd-5516-437b-9b1a-940221d2335f", "isDeleted:":"true", "version":"1725827578859"}}
{"logTime": "1012/113152", "correlationVector":"6TT7yIhnZchVIpjWvndY59.46","action":"GetUpdates", "result":"DeleteReceived", "context":{"id":"ba418593-2649-41ba-b34c-bd2d68238742", "isDeleted:":"true", "version":"1725829112717"}}
{"logTime": "1012/113152", "correlationVector":"6TT7yIhnZchVIpjWvndY59.47","action":"GetUpdates", "result":"DeleteReceived", "context":{"id":"f315f8b1-6938-4090-88a5-223d3ef50c8e", "isDeleted:":"true", "version":"1725829316335"}}
{"logTime": "1012/113152", "correlationVector":"6TT7yIhnZchVIpjWvndY59.48","action":"GetUpdates", "result":"DeleteReceived", "context":{"id":"8f83c743-4044-409b-9454-29a1e45437e9", "isDeleted:":"true", "version":"1725829463989"}}
{"logTime": "1012/113152", "correlationVector":"6TT7yIhnZchVIpjWvndY59.49","action":"GetUpdates", "result":"DeleteReceived", "context":{"id":"50fabd91-1657-44b8-b1c9-0b8e637447fa", "isDeleted:":"true", "version":"1725829827398"}}
{"logTime": "1012/113152", "correlationVector":"6TT7yIhnZchVIpjWvndY59.50","action":"GetUpdates", "result":"DeleteReceived", "context":{"id":"433847e9-6c8f-4211-a16e-7c817c691705", "isDeleted:":"true", "version":"1725829827399"}}
{"logTime": "1012/113152", "correlationVector":"6TT7yIhnZchVIpjWvndY59.51","action":"GetUpdates", "result":"DeleteReceived", "context":{"id":"1a5a8a6b-d914-46da-8598-9c18526634dd", "isDeleted:":"true", "version":"1725829827400"}}
{"logTime": "1012/113152", "correlationVector":"6TT7yIhnZchVIpjWvndY59.52","action":"GetUpdates", "result":"DeleteReceived", "context":{"id":"af3be2e3-b3d7-4e90-9db5-bf78f899f2e8", "isDeleted:":"true", "version":"1725829827401"}}
{"logTime": "1012/113152", "correlationVector":"6TT7yIhnZchVIpjWvndY59.53","action":"GetUpdates", "result":"DeleteReceived", "context":{"id":"410ffb1e-faeb-4520-bc85-a04f38d6ad3a", "isDeleted:":"true", "version":"1725829827402"}}
{"logTime": "1012/113152", "correlationVector":"6TT7yIhnZchVIpjWvndY59.54","action":"GetUpdates", "result":"DeleteReceived", "context":{"id":"c381b245-c1c6-453c-beb3-e901aa312bd2", "isDeleted:":"true", "version":"1725829827403"}}
{"logTime": "1012/113152", "correlationVector":"6TT7yIhnZchVIpjWvndY59.55","action":"GetUpdates", "result":"DeleteReceived", "context":{"id":"6f0dbc23-d20e-4eee-a9fe-76af9112a420", "isDeleted:":"true", "version":"1725829827404"}}
{"logTime": "1012/113152", "correlationVector":"6TT7yIhnZchVIpjWvndY59.56","action":"GetUpdates", "result":"DeleteReceived", "context":{"id":"987d777d-9d1b-4636-b549-c72a5e6ffebf", "isDeleted:":"true", "version":"1725830255667"}}
{"logTime": "1012/113152", "correlationVector":"6TT7yIhnZchVIpjWvndY59.57","action":"GetUpdates", "result":"DeleteReceived", "context":{"id":"7fa6c2ab-6135-418a-8054-6e87628a8f90", "isDeleted:":"true", "version":"1725830460612"}}
{"logTime": "1012/113152", "correlationVector":"6TT7yIhnZchVIpjWvndY59.58","action":"GetUpdates", "result":"DeleteReceived", "context":{"id":"22c70927-82bc-4b3a-8590-ecb3378a636f", "isDeleted:":"true", "version":"1725831492198"}}
{"logTime": "1012/113152", "correlationVector":"6TT7yIhnZchVIpjWvndY59.59","action":"GetUpdates", "result":"DeleteReceived", "context":{"id":"28902bd6-39d8-4618-8981-4eed06bf6560", "isDeleted:":"true", "version":"1725831822752"}}
{"logTime": "1012/113152", "correlationVector":"6TT7yIhnZchVIpjWvndY59.60","action":"GetUpdates", "result":"DeleteReceived", "context":{"id":"3994ad24-8d53-4309-9c88-31ca475d781a", "isDeleted:":"true", "version":"1725832669308"}}
{"logTime": "1012/113152", "correlationVector":"6TT7yIhnZchVIpjWvndY59.61","action":"GetUpdates", "result":"DeleteReceived", "context":{"id":"13835894-16b2-4029-b28b-f396c057d12b", "isDeleted:":"true", "version":"1725835331806"}}
{"logTime": "1012/113152", "correlationVector":"6TT7yIhnZchVIpjWvndY59.62","action":"GetUpdates", "result":"DeleteReceived", "context":{"id":"920bd097-7024-45d7-9384-0c5d310b5a86", "isDeleted:":"true", "version":"1725835331808"}}
{"logTime": "1012/113152", "correlationVector":"6TT7yIhnZchVIpjWvndY59.63","action":"GetUpdates", "result":"DeleteReceived", "context":{"id":"d7c9ecbe-581b-4f73-b2c0-16a61f6103aa", "isDeleted:":"true", "version":"1725881165716"}}
{"logTime": "1012/113152", "correlationVector":"6TT7yIhnZchVIpjWvndY59.64","action":"GetUpdates", "result":"DeleteReceived", "context":{"id":"8e2e140f-7e53-4cfe-a07d-60f7a40ac9d3", "isDeleted:":"true", "version":"1725881775267"}}
{"logTime": "1012/113152", "correlationVector":"6TT7yIhnZchVIpjWvndY59.65","action":"GetUpdates", "result":"DeleteReceived", "context":{"id":"b103134e-8505-4e94-af63-9a2745e2f737", "isDeleted:":"true", "version":"1725881775268"}}
{"logTime": "1012/113152", "correlationVector":"6TT7yIhnZchVIpjWvndY59.66","action":"GetUpdates", "result":"DeleteReceived", "context":{"id":"585a39cf-3489-46c7-b142-68af614f963a", "isDeleted:":"true", "version":"1725882248289"}}
{"logTime": "1012/113152", "correlationVector":"6TT7yIhnZchVIpjWvndY59.67","action":"GetUpdates", "result":"DeleteReceived", "context":{"id":"5c1c7e5b-22fa-47d3-8fe6-c30860a46023", "isDeleted:":"true", "version":"1725882564603"}}
{"logTime": "1012/113152", "correlationVector":"6TT7yIhnZchVIpjWvndY59.68","action":"GetUpdates", "result":"DeleteReceived", "context":{"id":"ab7c03f1-5ba1-4bbf-83a0-8bb2fe008d56", "isDeleted:":"true", "version":"1725883772999"}}
{"logTime": "1012/113152", "correlationVector":"6TT7yIhnZchVIpjWvndY59.69","action":"GetUpdates", "result":"DeleteReceived", "context":{"id":"cf1bc329-3bec-4dd6-a476-6e6373604fc7", "isDeleted:":"true", "version":"1725883789986"}}
{"logTime": "1012/113152", "correlationVector":"6TT7yIhnZchVIpjWvndY59.70","action":"GetUpdates", "result":"DeleteReceived", "context":{"id":"899c3887-c908-4995-9c81-265d3b688a36", "isDeleted:":"true", "version":"1725883892838"}}
{"logTime": "1012/113152", "correlationVector":"6TT7yIhnZchVIpjWvndY59.71","action":"GetUpdates", "result":"DeleteReceived", "context":{"id":"20d6106c-b02e-4cb0-993b-92c3189a9e70", "isDeleted:":"true", "version":"1725884593069"}}
{"logTime": "1012/113152", "correlationVector":"6TT7yIhnZchVIpjWvndY59.72","action":"GetUpdates", "result":"DeleteReceived", "context":{"id":"89ab34e1-93dc-40ff-aa2e-e504f07377e3", "isDeleted:":"true", "version":"1725886250555"}}
{"logTime": "1012/113152", "correlationVector":"6TT7yIhnZchVIpjWvndY59.73","action":"GetUpdates", "result":"DeleteReceived", "context":{"id":"25d7f71d-ef2b-499f-a2c3-4742114d9b75", "isDeleted:":"true", "version":"1725891223446"}}
{"logTime": "1012/113152", "correlationVector":"6TT7yIhnZchVIpjWvndY59.74","action":"GetUpdates", "result":"DeleteReceived", "context":{"id":"f97b97f7-c064-41af-a712-511dd0003b1b", "isDeleted:":"true", "version":"1725891399716"}}
{"logTime": "1012/113152", "correlationVector":"6TT7yIhnZchVIpjWvndY59.75","action":"GetUpdates", "result":"DeleteReceived", "context":{"id":"9a1e3547-1d8c-4f76-8fb5-b01283ca45fa", "isDeleted:":"true", "version":"1725893647255"}}
{"logTime": "1012/113152", "correlationVector":"6TT7yIhnZchVIpjWvndY59.76","action":"GetUpdates", "result":"DeleteReceived", "context":{"id":"1b70f415-3319-4167-be32-088c23ec47cf", "isDeleted:":"true", "version":"1725893847457"}}
{"logTime": "1012/113152", "correlationVector":"6TT7yIhnZchVIpjWvndY59.77","action":"GetUpdates", "result":"DeleteReceived", "context":{"id":"d075d434-3323-4a80-9f55-a8e7839a3aa4", "isDeleted:":"true", "version":"1725893847458"}}
{"logTime": "1012/113152", "correlationVector":"6TT7yIhnZchVIpjWvndY59.78","action":"GetUpdates", "result":"DeleteReceived", "context":{"id":"ef26a249-6dfc-45a3-a890-6aabf8f046e9", "isDeleted:":"true", "version":"1725893847460"}}
{"logTime": "1012/113152", "correlationVector":"6TT7yIhnZchVIpjWvndY59.79","action":"GetUpdates", "result":"DeleteReceived", "context":{"id":"e59df456-2499-49f7-82fa-f354439e4b52", "isDeleted:":"true", "version":"1725894288402"}}
{"logTime": "1012/113152", "correlationVector":"6TT7yIhnZchVIpjWvndY59.80","action":"GetUpdates", "result":"DeleteReceived", "context":{"id":"4a062805-2db5-472d-a4af-52bfbc10f8a6", "isDeleted:":"true", "version":"1725894465779"}}
{"logTime": "1012/113152", "correlationVector":"6TT7yIhnZchVIpjWvndY59.81","action":"GetUpdates", "result":"DeleteReceived", "context":{"id":"0fe1bb86-297e-4d99-9281-8c2be575e15d", "isDeleted:":"true", "version":"1725894818108"}}
{"logTime": "1012/113152", "correlationVector":"6TT7yIhnZchVIpjWvndY59.82","action":"GetUpdates", "result":"DeleteReceived", "context":{"id":"cd1d6041-c37f-4266-838e-54518715fa0b", "isDeleted:":"true", "version":"1725894818110"}}
{"logTime": "1012/113152", "correlationVector":"6TT7yIhnZchVIpjWvndY59.83","action":"GetUpdates", "result":"DeleteReceived", "context":{"id":"c28ddbbd-7e0d-4ebb-9975-50501b07f3bc", "isDeleted:":"true", "version":"1725894818113"}}
{"logTime": "1012/113152", "correlationVector":"6TT7yIhnZchVIpjWvndY59.84","action":"GetUpdates", "result":"DeleteReceived", "context":{"id":"4f795852-e322-4530-89e1-ef189b22cdba", "isDeleted:":"true", "version":"1725899544156"}}
{"logTime": "1012/113152", "correlationVector":"6TT7yIhnZchVIpjWvndY59.85","action":"GetUpdates", "result":"DeleteReceived", "context":{"id":"cf49d52e-dde4-42e9-bde0-917f29ef73b5", "isDeleted:":"true", "version":"1725901449142"}}
{"logTime": "1012/113152", "correlationVector":"6TT7yIhnZchVIpjWvndY59.86","action":"GetUpdates", "result":"DeleteReceived", "context":{"id":"fdf0d399-ded0-4f48-8a78-ff14ce99a47d", "isDeleted:":"true", "version":"1725901449143"}}
{"logTime": "1012/113152", "correlationVector":"6TT7yIhnZchVIpjWvndY59.87","action":"GetUpdates", "result":"DeleteReceived", "context":{"id":"80dc4ac3-4867-4cb0-9fe7-2427533359a1", "isDeleted:":"true", "version":"1725901685853"}}
{"logTime": "1012/113152", "correlationVector":"6TT7yIhnZchVIpjWvndY59.88","action":"GetUpdates", "result":"DeleteReceived", "context":{"id":"d2daafb8-34d9-4599-b419-4ed15dacbdd9", "isDeleted:":"true", "version":"1725901685856"}}
{"logTime": "1012/113152", "correlationVector":"6TT7yIhnZchVIpjWvndY59.89","action":"GetUpdates", "result":"DeleteReceived", "context":{"id":"df840783-525b-4020-86c7-3747be8efdce", "isDeleted:":"true", "version":"1725902258229"}}
{"logTime": "1012/113152", "correlationVector":"6TT7yIhnZchVIpjWvndY59.90","action":"GetUpdates", "result":"DeleteReceived", "context":{"id":"98a13758-2605-48f5-9aa7-77f7c2379e4a", "isDeleted:":"true", "version":"1725902946029"}}
{"logTime": "1012/113152", "correlationVector":"6TT7yIhnZchVIpjWvndY59.91","action":"GetUpdates", "result":"DeleteReceived", "context":{"id":"516bd144-79a8-47f1-a48c-ba5e93787b4f", "isDeleted:":"true", "version":"1725909424235"}}
{"logTime": "1012/113152", "correlationVector":"6TT7yIhnZchVIpjWvndY59.92","action":"GetUpdates", "result":"DeleteReceived", "context":{"id":"795a903a-de33-4d0d-b994-913e17678a6d", "isDeleted:":"true", "version":"1725955449516"}}
{"logTime": "1012/113152", "correlationVector":"6TT7yIhnZchVIpjWvndY59.93","action":"GetUpdates", "result":"DeleteReceived", "context":{"id":"991555ad-5ea7-4a3f-9018-79b79f7c7ec7", "isDeleted:":"true", "version":"1725955508418"}}
{"logTime": "1012/113152", "correlationVector":"6TT7yIhnZchVIpjWvndY59.94","action":"GetUpdates", "result":"DeleteReceived", "context":{"id":"28a01039-ab10-4658-aa1b-33a9f64b9870", "isDeleted:":"true", "version":"1725968825800"}}
{"logTime": "1012/113152", "correlationVector":"6TT7yIhnZchVIpjWvndY59.95","action":"GetUpdates", "result":"DeleteReceived", "context":{"id":"3ba5beeb-3a7f-4e53-ad05-d6e22f68b2c7", "isDeleted:":"true", "version":"1725971420909"}}
{"logTime": "1012/113152", "correlationVector":"6TT7yIhnZchVIpjWvndY59.96","action":"GetUpdates", "result":"DeleteReceived", "context":{"id":"754a1a50-bfeb-4a9b-a337-8be51e1d38b2", "isDeleted:":"true", "version":"1726005021311"}}
{"logTime": "1012/113152", "correlationVector":"6TT7yIhnZchVIpjWvndY59.97","action":"GetUpdates", "result":"DeleteReceived", "context":{"id":"da9d7800-8e20-4335-9f77-f001474c9207", "isDeleted:":"true", "version":"1726005021312"}}
{"logTime": "1012/113152", "correlationVector":"6TT7yIhnZchVIpjWvndY59.98","action":"GetUpdates", "result":"DeleteReceived", "context":{"id":"3f880e1c-a7c0-48b8-a8b3-2ed7ff638d0c", "isDeleted:":"true", "version":"1726005021313"}}
{"logTime": "1012/113152", "correlationVector":"6TT7yIhnZchVIpjWvndY59.99","action":"GetUpdates", "result":"DeleteReceived", "context":{"id":"76230810-376b-4849-9900-82ce07d02c9d", "isDeleted:":"true", "version":"1726005021315"}}
{"logTime": "1012/113152", "correlationVector":"6TT7yIhnZchVIpjWvndY59.100","action":"GetUpdates", "result":"DeleteReceived", "context":{"id":"e6c7dfb6-1e98-4bbf-9840-badadacaa4d3", "isDeleted:":"true", "version":"1726005104875"}}
{"logTime": "1012/113152", "correlationVector":"6TT7yIhnZchVIpjWvndY59.101","action":"GetUpdates", "result":"DeleteReceived", "context":{"id":"8356e2da-00fa-44f3-83d2-812507971048", "isDeleted:":"true", "version":"1726083409585"}}
{"logTime": "1012/113152", "correlationVector":"6TT7yIhnZchVIpjWvndY59.102","action":"GetUpdates", "result":"DeleteReceived", "context":{"id":"9cc1e43a-5562-4de1-ba83-2a76a5d3fc8a", "isDeleted:":"true", "version":"1726134380851"}}
{"logTime": "1012/113152", "correlationVector":"6TT7yIhnZchVIpjWvndY59.103","action":"GetUpdates", "result":"DeleteReceived", "context":{"id":"a7091b73-2513-42d8-9e91-1327ec22fc2a", "isDeleted:":"true", "version":"1726134609953"}}
{"logTime": "1012/113152", "correlationVector":"6TT7yIhnZchVIpjWvndY59.104","action":"GetUpdates", "result":"DeleteReceived", "context":{"id":"44c331e7-97b4-4b25-8aab-eb109300a48d", "isDeleted:":"true", "version":"1726134653065"}}
{"logTime": "1012/113152", "correlationVector":"6TT7yIhnZchVIpjWvndY59.105","action":"GetUpdates", "result":"DeleteReceived", "context":{"id":"1295106b-e5ba-4bcc-a749-b01733576f3c", "isDeleted:":"true", "version":"1726137776175"}}
{"logTime": "1012/113152", "correlationVector":"6TT7yIhnZchVIpjWvndY59.106","action":"GetUpdates", "result":"DeleteReceived", "context":{"id":"172ac185-2f24-4a00-b526-d2fc6765add4", "isDeleted:":"true", "version":"1726139337295"}}
{"logTime": "1012/113152", "correlationVector":"6TT7yIhnZchVIpjWvndY59.107","action":"GetUpdates", "result":"DeleteReceived", "context":{"id":"2156af9b-163a-4d84-92b1-4678dfd6d1ae", "isDeleted:":"true", "version":"1726140179061"}}
{"logTime": "1012/113152", "correlationVector":"6TT7yIhnZchVIpjWvndY59.108","action":"GetUpdates", "result":"DeleteReceived", "context":{"id":"e1a2d1a2-06ea-4a69-b938-e73db4e993a8", "isDeleted:":"true", "version":"1726140525143"}}
{"logTime": "1012/113152", "correlationVector":"6TT7yIhnZchVIpjWvndY59.109","action":"GetUpdates", "result":"DeleteReceived", "context":{"id":"ed2c084e-1cd2-46d2-b77b-ec2af6c9e71d", "isDeleted:":"true", "version":"1726140525144"}}
{"logTime": "1012/113152", "correlationVector":"6TT7yIhnZchVIpjWvndY59.110","action":"GetUpdates", "result":"DeleteReceived", "context":{"id":"b7234184-ed0d-464f-ad70-e5dbf53658c5", "isDeleted:":"true", "version":"1726140525146"}}
{"logTime": "1012/113152", "correlationVector":"6TT7yIhnZchVIpjWvndY59.111","action":"GetUpdates", "result":"DeleteReceived", "context":{"id":"5a5114a7-428a-4b4e-a215-18afb56c1082", "isDeleted:":"true", "version":"1726142207369"}}
{"logTime": "1012/113152", "correlationVector":"6TT7yIhnZchVIpjWvndY59.112","action":"GetUpdates", "result":"DeleteReceived", "context":{"id":"71fe9841-36de-4cc2-a594-a08e67beca51", "isDeleted:":"true", "version":"1726145139517"}}
{"logTime": "1012/113152", "correlationVector":"6TT7yIhnZchVIpjWvndY59.113","action":"GetUpdates", "result":"DeleteReceived", "context":{"id":"ea7ff6e7-38b8-4f9a-a448-374a4c8f0eaa", "isDeleted:":"true", "version":"1726146461932"}}
{"logTime": "1012/113152", "correlationVector":"6TT7yIhnZchVIpjWvndY59.114","action":"GetUpdates", "result":"DeleteReceived", "context":{"id":"6eabbf95-322b-48ef-b70d-bbfdb8b28f8c", "isDeleted:":"true", "version":"1726146461933"}}
{"logTime": "1012/113152", "correlationVector":"6TT7yIhnZchVIpjWvndY59.115","action":"GetUpdates", "result":"DeleteReceived", "context":{"id":"7340c90e-e4b2-4b27-8df0-cc967708e308", "isDeleted:":"true", "version":"1726146461935"}}
{"logTime": "1012/113152", "correlationVector":"6TT7yIhnZchVIpjWvndY59.116","action":"GetUpdates", "result":"DeleteReceived", "context":{"id":"3b3fd761-067a-4c7c-aa50-34e2ef6075d8", "isDeleted:":"true", "version":"1726159092915"}}
{"logTime": "1012/113152", "correlationVector":"6TT7yIhnZchVIpjWvndY59.117","action":"GetUpdates", "result":"DeleteReceived", "context":{"id":"c173b258-6db3-436e-b8ab-ba018e50d6a5", "isDeleted:":"true", "version":"1726159645106"}}
{"logTime": "1012/113152", "correlationVector":"6TT7yIhnZchVIpjWvndY59.118","action":"GetUpdates", "result":"DeleteReceived", "context":{"id":"e2fc9f98-303d-483e-8939-655713151f0c", "isDeleted:":"true", "version":"1726159894424"}}
{"logTime": "1012/113152", "correlationVector":"6TT7yIhnZchVIpjWvndY59.119","action":"GetUpdates", "result":"DeleteReceived", "context":{"id":"a78e6ef7-8770-43bf-9308-447f4549b914", "isDeleted:":"true", "version":"1726159894425"}}
{"logTime": "1012/113152", "correlationVector":"6TT7yIhnZchVIpjWvndY59.120","action":"GetUpdates", "result":"DeleteReceived", "context":{"id":"13a53144-6fbd-4a85-9688-8fe1addd643c", "isDeleted:":"true", "version":"1726160097537"}}
{"logTime": "1012/113152", "correlationVector":"6TT7yIhnZchVIpjWvndY59.121","action":"GetUpdates", "result":"DeleteReceived", "context":{"id":"d6f7fc41-c2d5-40dd-b591-a0b56f08c9ee", "isDeleted:":"true", "version":"1726160286451"}}
{"logTime": "1012/113152", "correlationVector":"6TT7yIhnZchVIpjWvndY59.122","action":"GetUpdates", "result":"DeleteReceived", "context":{"id":"994fc992-b964-4272-85cc-0bfdbfb1f498", "isDeleted:":"true", "version":"1726160286455"}}
{"logTime": "1012/113152", "correlationVector":"6TT7yIhnZchVIpjWvndY59.123","action":"GetUpdates", "result":"DeleteReceived", "context":{"id":"a22f289f-2177-4440-bc19-d5a1be216219", "isDeleted:":"true", "version":"1726160327969"}}
{"logTime": "1012/113152", "correlationVector":"6TT7yIhnZchVIpjWvndY59.124","action":"GetUpdates", "result":"DeleteReceived", "context":{"id":"85937ea7-39ee-4fec-8a10-dcb151d76575", "isDeleted:":"true", "version":"1726160327970"}}
{"logTime": "1012/113152", "correlationVector":"6TT7yIhnZchVIpjWvndY59.125","action":"GetUpdates", "result":"DeleteReceived", "context":{"id":"8930840e-c2bc-4fb3-91b0-8c315d0651b1", "isDeleted:":"true", "version":"1726162404870"}}
{"logTime": "1012/113152", "correlationVector":"6TT7yIhnZchVIpjWvndY59.126","action":"GetUpdates", "result":"DeleteReceived", "context":{"id":"691ff2be-2be9-4572-bd1e-485995f14e7f", "isDeleted:":"true", "version":"1726162612476"}}
{"logTime": "1012/113152", "correlationVector":"6TT7yIhnZchVIpjWvndY59.127","action":"GetUpdates", "result":"DeleteReceived", "context":{"id":"074967a5-37e1-4a49-959c-5f5470c7ba5d", "isDeleted:":"true", "version":"1726252011689"}}
{"logTime": "1012/113152", "correlationVector":"6TT7yIhnZchVIpjWvndY59.128","action":"GetUpdates", "result":"DeleteReceived", "context":{"id":"d6d1354c-f560-4936-a0be-1a2f87e381a3", "isDeleted:":"true", "version":"1726252011691"}}
{"logTime": "1012/113152", "correlationVector":"6TT7yIhnZchVIpjWvndY59.129","action":"GetUpdates", "result":"DeleteReceived", "context":{"id":"d94c679b-f237-4da0-94bc-ef5311735a54", "isDeleted:":"true", "version":"1726252167758"}}
{"logTime": "1012/113152", "correlationVector":"6TT7yIhnZchVIpjWvndY59.130","action":"GetUpdates", "result":"DeleteReceived", "context":{"id":"5eb00672-c038-48eb-8c2a-5713de7a1f0c", "isDeleted:":"true", "version":"1726253185587"}}
{"logTime": "1012/113152", "correlationVector":"6TT7yIhnZchVIpjWvndY59.131","action":"GetUpdates", "result":"DeleteReceived", "context":{"id":"2711cd64-a5d7-4a2f-a06a-ddde5e1efae3", "isDeleted:":"true", "version":"1726253185589"}}
{"logTime": "1012/113152", "correlationVector":"6TT7yIhnZchVIpjWvndY59.132","action":"GetUpdates", "result":"DeleteReceived", "context":{"id":"de6c2579-3f64-49eb-9797-672c52e0da8a", "isDeleted:":"true", "version":"1726253256844"}}
{"logTime": "1012/113152", "correlationVector":"6TT7yIhnZchVIpjWvndY59.133","action":"GetUpdates", "result":"DeleteReceived", "context":{"id":"b1df31b0-6e3f-44bd-935a-43e64773c4e0", "isDeleted:":"true", "version":"1726253304776"}}
{"logTime": "1012/113152", "correlationVector":"6TT7yIhnZchVIpjWvndY59.134","action":"GetUpdates", "result":"DeleteReceived", "context":{"id":"30090cf7-ddf1-4048-94e9-522ccbc8611d", "isDeleted:":"true", "version":"1726253762946"}}
{"logTime": "1012/113152", "correlationVector":"6TT7yIhnZchVIpjWvndY59.135","action":"GetUpdates", "result":"DeleteReceived", "context":{"id":"b8b681d5-f3df-4613-9a7a-342568ccf231", "isDeleted:":"true", "version":"1726255862976"}}
{"logTime": "1012/113152", "correlationVector":"6TT7yIhnZchVIpjWvndY59.136","action":"GetUpdates", "result":"DeleteReceived", "context":{"id":"5c2c4fe7-f490-4523-83fa-31de8e6ef092", "isDeleted:":"true", "version":"1726257875644"}}
{"logTime": "1012/113152", "correlationVector":"6TT7yIhnZchVIpjWvndY59.137","action":"GetUpdates", "result":"DeleteReceived", "context":{"id":"81a2c0ba-abb4-4572-9e2f-1f8dc669c60c", "isDeleted:":"true", "version":"1726257909056"}}
{"logTime": "1012/113152", "correlationVector":"6TT7yIhnZchVIpjWvndY59.138","action":"GetUpdates", "result":"DeleteReceived", "context":{"id":"5b5d6b49-5131-4a84-91a3-947a8bfb2e20", "isDeleted:":"true", "version":"1726305194630"}}
{"logTime": "1012/113152", "correlationVector":"6TT7yIhnZchVIpjWvndY59.139","action":"GetUpdates", "result":"DeleteReceived", "context":{"id":"d44c75ff-1412-4439-aeb9-4f274745043d", "isDeleted:":"true", "version":"1726305194634"}}
{"logTime": "1012/113152", "correlationVector":"6TT7yIhnZchVIpjWvndY59.140","action":"GetUpdates", "result":"DeleteReceived", "context":{"id":"535066ef-7798-4ed7-a785-4b638cfcdc23", "isDeleted:":"true", "version":"1726305197973"}}
{"logTime": "1012/113152", "correlationVector":"6TT7yIhnZchVIpjWvndY59.141","action":"GetUpdates", "result":"DeleteReceived", "context":{"id":"97123b5e-2a54-4a4e-8997-127deb028fec", "isDeleted:":"true", "version":"1726305412572"}}
{"logTime": "1012/113152", "correlationVector":"6TT7yIhnZchVIpjWvndY59.142","action":"GetUpdates", "result":"DeleteReceived", "context":{"id":"097c6e93-1a5b-49ee-b5c8-6ed05fb22074", "isDeleted:":"true", "version":"1726305412573"}}
{"logTime": "1012/113152", "correlationVector":"6TT7yIhnZchVIpjWvndY59.143","action":"GetUpdates", "result":"DeleteReceived", "context":{"id":"5f729f66-6a30-4bc5-83f8-e6c343bcde8b", "isDeleted:":"true", "version":"1726305535377"}}
{"logTime": "1012/113152", "correlationVector":"6TT7yIhnZchVIpjWvndY59.144","action":"GetUpdates", "result":"DeleteReceived", "context":{"id":"abcbdc3e-3e70-4cfe-a425-f8281f12bc74", "isDeleted:":"true", "version":"1726305535379"}}
{"logTime": "1012/113152", "correlationVector":"6TT7yIhnZchVIpjWvndY59.145","action":"GetUpdates", "result":"DeleteReceived", "context":{"id":"2260ae8d-ab3d-4444-a088-f3e1730176e1", "isDeleted:":"true", "version":"1726305537414"}}
{"logTime": "1012/113152", "correlationVector":"6TT7yIhnZchVIpjWvndY59.146","action":"GetUpdates", "result":"DeleteReceived", "context":{"id":"777ee4ce-1805-4d97-af4b-913f77a337d2", "isDeleted:":"true", "version":"1726305642874"}}
{"logTime": "1012/113152", "correlationVector":"6TT7yIhnZchVIpjWvndY59.147","action":"GetUpdates", "result":"DeleteReceived", "context":{"id":"4f4e6c42-972d-4751-9cd3-8c082059082a", "isDeleted:":"true", "version":"1726305907362"}}
{"logTime": "1012/113152", "correlationVector":"6TT7yIhnZchVIpjWvndY59.148","action":"GetUpdates", "result":"DeleteReceived", "context":{"id":"a9ef3fff-e566-4dd0-bb75-b520a4244d76", "isDeleted:":"true", "version":"1726306016353"}}
{"logTime": "1012/113152", "correlationVector":"6TT7yIhnZchVIpjWvndY59.149","action":"GetUpdates", "result":"DeleteReceived", "context":{"id":"dc558c1d-e91a-420d-bbd1-2e6928ee7e7f", "isDeleted:":"true", "version":"1726306048486"}}
{"logTime": "1012/113152", "correlationVector":"6TT7yIhnZchVIpjWvndY59.150","action":"GetUpdates", "result":"DeleteReceived", "context":{"id":"2232de32-9978-4dfe-841c-922ade0eb533", "isDeleted:":"true", "version":"1726306048487"}}
{"logTime": "1012/113152", "correlationVector":"6TT7yIhnZchVIpjWvndY59.151","action":"GetUpdates", "result":"DeleteReceived", "context":{"id":"970bcc06-18f5-4bf6-8623-9714a7038cdb", "isDeleted:":"true", "version":"1726326843950"}}
{"logTime": "1012/113152", "correlationVector":"6TT7yIhnZchVIpjWvndY59.152","action":"GetUpdates", "result":"DeleteReceived", "context":{"id":"cd25ad0f-9a21-4e60-999c-f077ee1ad36b", "isDeleted:":"true", "version":"1726326843952"}}
{"logTime": "1012/113152", "correlationVector":"6TT7yIhnZchVIpjWvndY59.153","action":"GetUpdates", "result":"DeleteReceived", "context":{"id":"26058618-3ca4-4e93-b461-aa086c882070", "isDeleted:":"true", "version":"1726327538704"}}
{"logTime": "1012/113152", "correlationVector":"6TT7yIhnZchVIpjWvndY59.154","action":"GetUpdates", "result":"DeleteReceived", "context":{"id":"aba47a46-a02c-4cf7-bfa6-80b1daed44b2", "isDeleted:":"true", "version":"1726329428858"}}
{"logTime": "1012/113152", "correlationVector":"6TT7yIhnZchVIpjWvndY59.155","action":"GetUpdates", "result":"DeleteReceived", "context":{"id":"ede77d4b-93b8-45e6-8d7f-a8bec814b2c1", "isDeleted:":"true", "version":"1726329461092"}}
{"logTime": "1012/113152", "correlationVector":"6TT7yIhnZchVIpjWvndY59.156","action":"GetUpdates", "result":"DeleteReceived", "context":{"id":"e3464c04-06a1-4f16-a088-fa67b450d7c0", "isDeleted:":"true", "version":"1726329461094"}}
{"logTime": "1012/113152", "correlationVector":"6TT7yIhnZchVIpjWvndY59.157","action":"GetUpdates", "result":"DeleteReceived", "context":{"id":"9e2e9109-ff72-493a-9816-9736e7d9ba54", "isDeleted:":"true", "version":"1726339151940"}}
{"logTime": "1012/113152", "correlationVector":"6TT7yIhnZchVIpjWvndY59.158","action":"GetUpdates", "result":"DeleteReceived", "context":{"id":"c56e84ea-91fb-456b-b9bf-fa594102d4f3", "isDeleted:":"true", "version":"1726339151942"}}
{"logTime": "1012/113152", "correlationVector":"6TT7yIhnZchVIpjWvndY59.159","action":"GetUpdates", "result":"DeleteReceived", "context":{"id":"13e3c82c-9e3a-4df4-88e5-2863a78643cf", "isDeleted:":"true", "version":"1726339583255"}}
{"logTime": "1012/113152", "correlationVector":"6TT7yIhnZchVIpjWvndY59.160","action":"GetUpdates", "result":"DeleteReceived", "context":{"id":"c5da1a4e-5977-4e1f-b048-321b358499f5", "isDeleted:":"true", "version":"1726401832851"}}
{"logTime": "1012/113152", "correlationVector":"6TT7yIhnZchVIpjWvndY59.161","action":"GetUpdates", "result":"DeleteReceived", "context":{"id":"a2c821ba-b5b5-4451-a0f5-bd096eaf647d", "isDeleted:":"true", "version":"1726403459058"}}
{"logTime": "1012/113152", "correlationVector":"6TT7yIhnZchVIpjWvndY59.162","action":"GetUpdates", "result":"DeleteReceived", "context":{"id":"ba78b2e9-c399-4476-bccd-2dd5199e2da4", "isDeleted:":"true", "version":"1726410925263"}}
{"logTime": "1012/113152", "correlationVector":"6TT7yIhnZchVIpjWvndY59.163","action":"GetUpdates", "result":"DeleteReceived", "context":{"id":"a1404f11-dc77-4eec-b5ee-1900d806e062", "isDeleted:":"true", "version":"1726414161758"}}
{"logTime": "1012/113152", "correlationVector":"6TT7yIhnZchVIpjWvndY59.164","action":"GetUpdates", "result":"DeleteReceived", "context":{"id":"64f37546-c8bc-4609-a59e-6ea541fce69e", "isDeleted:":"true", "version":"1726427414460"}}
{"logTime": "1012/113152", "correlationVector":"6TT7yIhnZchVIpjWvndY59.165","action":"GetUpdates", "result":"DeleteReceived", "context":{"id":"eb8b4109-1f89-48b5-aa16-8ab018ce619d", "isDeleted:":"true", "version":"1726427414462"}}
{"logTime": "1012/113152", "correlationVector":"6TT7yIhnZchVIpjWvndY59.166","action":"GetUpdates", "result":"DeleteReceived", "context":{"id":"34542b81-eec2-4776-a298-e3f8289ea18e", "isDeleted:":"true", "version":"1726428187763"}}
{"logTime": "1012/113152", "correlationVector":"6TT7yIhnZchVIpjWvndY59.167","action":"GetUpdates", "result":"DeleteReceived", "context":{"id":"566cc72e-9e9b-4880-9d02-be2931e61fa2", "isDeleted:":"true", "version":"1726428187764"}}
{"logTime": "1012/113152", "correlationVector":"6TT7yIhnZchVIpjWvndY59.168","action":"GetUpdates", "result":"DeleteReceived", "context":{"id":"efd25711-736a-49d5-b5a3-90ee354840a6", "isDeleted:":"true", "version":"1726429594621"}}
{"logTime": "1012/113152", "correlationVector":"6TT7yIhnZchVIpjWvndY59.169","action":"GetUpdates", "result":"DeleteReceived", "context":{"id":"37f9afbf-edea-46af-8ce6-e4d54942c976", "isDeleted:":"true", "version":"1726433687324"}}
{"logTime": "1012/113152", "correlationVector":"6TT7yIhnZchVIpjWvndY59.170","action":"GetUpdates", "result":"DeleteReceived", "context":{"id":"0834d0c6-4ecd-4372-a11b-9e95874ca2ee", "isDeleted:":"true", "version":"1726433687325"}}
{"logTime": "1012/113152", "correlationVector":"6TT7yIhnZchVIpjWvndY59.171","action":"GetUpdates", "result":"DeleteReceived", "context":{"id":"e6e9bbb8-0836-4a42-9524-0e8e6fa903aa", "isDeleted:":"true", "version":"1726433698439"}}
{"logTime": "1012/113152", "correlationVector":"6TT7yIhnZchVIpjWvndY59.172","action":"GetUpdates", "result":"DeleteReceived", "context":{"id":"591ad86d-7000-4586-ba3d-5a8ca66f062e", "isDeleted:":"true", "version":"1726433747228"}}
{"logTime": "1012/113152", "correlationVector":"6TT7yIhnZchVIpjWvndY59.173","action":"GetUpdates", "result":"DeleteReceived", "context":{"id":"06274694-69cf-4bff-8dad-37bad378298a", "isDeleted:":"true", "version":"1726433747230"}}
{"logTime": "1012/113152", "correlationVector":"6TT7yIhnZchVIpjWvndY59.174","action":"GetUpdates", "result":"DeleteReceived", "context":{"id":"5e1f5784-75cf-4f9b-8e14-dae306683630", "isDeleted:":"true", "version":"1726473033775"}}
{"logTime": "1012/113152", "correlationVector":"6TT7yIhnZchVIpjWvndY59.175","action":"GetUpdates", "result":"DeleteReceived", "context":{"id":"3a8b3bb8-c9a4-46f1-964b-c21eff6a5370", "isDeleted:":"true", "version":"1726473033776"}}
{"logTime": "1012/113152", "correlationVector":"6TT7yIhnZchVIpjWvndY59.176","action":"GetUpdates", "result":"DeleteReceived", "context":{"id":"069e5822-40c3-406d-b158-19b0bc19f249", "isDeleted:":"true", "version":"1726475047416"}}
{"logTime": "1012/113152", "correlationVector":"6TT7yIhnZchVIpjWvndY59.177","action":"GetUpdates", "result":"DeleteReceived", "context":{"id":"8b95c16d-4887-4df4-b5bc-e6d4dcb502d4", "isDeleted:":"true", "version":"1726476015979"}}
{"logTime": "1012/113152", "correlationVector":"6TT7yIhnZchVIpjWvndY59.178","action":"GetUpdates", "result":"DeleteReceived", "context":{"id":"5caccb40-e0a4-44a4-8b52-d1d0c0fec331", "isDeleted:":"true", "version":"1726498446651"}}
{"logTime": "1012/113152", "correlationVector":"6TT7yIhnZchVIpjWvndY59.179","action":"GetUpdates", "result":"DeleteReceived", "context":{"id":"913b3ee6-6677-4953-aac4-9b83f0621e45", "isDeleted:":"true", "version":"1726503265928"}}
{"logTime": "1012/113152", "correlationVector":"6TT7yIhnZchVIpjWvndY59.180","action":"GetUpdates", "result":"DeleteReceived", "context":{"id":"e6fa3733-5884-4daf-9766-ad8bb11872d0", "isDeleted:":"true", "version":"1726503930581"}}
{"logTime": "1012/113152", "correlationVector":"6TT7yIhnZchVIpjWvndY59.181","action":"GetUpdates", "result":"DeleteReceived", "context":{"id":"d8ada909-38ee-450d-87a2-2e5412c1da44", "isDeleted:":"true", "version":"1726566062963"}}
{"logTime": "1012/113152", "correlationVector":"6TT7yIhnZchVIpjWvndY59.182","action":"GetUpdates", "result":"DeleteReceived", "context":{"id":"c4cd0e3a-787c-4672-a02b-afa98e48e357", "isDeleted:":"true", "version":"1726566062965"}}
{"logTime": "1012/113152", "correlationVector":"6TT7yIhnZchVIpjWvndY59.183","action":"GetUpdates", "result":"DeleteReceived", "context":{"id":"7766d295-a5b3-4dfc-beeb-507c9d255e8a", "isDeleted:":"true", "version":"1726566116827"}}
{"logTime": "1012/113152", "correlationVector":"6TT7yIhnZchVIpjWvndY59.184","action":"GetUpdates", "result":"DeleteReceived", "context":{"id":"f1a4e99b-e547-4033-9750-33e139e508d5", "isDeleted:":"true", "version":"1726601668741"}}
{"logTime": "1012/113152", "correlationVector":"6TT7yIhnZchVIpjWvndY59.185","action":"GetUpdates", "result":"DeleteReceived", "context":{"id":"120ce099-698c-4d6c-8229-7f2d61c0e0e4", "isDeleted:":"true", "version":"1726664843106"}}
{"logTime": "1012/113152", "correlationVector":"6TT7yIhnZchVIpjWvndY59.186","action":"GetUpdates", "result":"DeleteReceived", "context":{"id":"fec98f35-7c92-4675-a2cf-f8f661e5f266", "isDeleted:":"true", "version":"1726671402140"}}
{"logTime": "1012/113152", "correlationVector":"6TT7yIhnZchVIpjWvndY59.187","action":"GetUpdates", "result":"DeleteReceived", "context":{"id":"231bb225-81bc-4c73-96e3-412344cb87ce", "isDeleted:":"true", "version":"1726745838352"}}
{"logTime": "1012/113152", "correlationVector":"6TT7yIhnZchVIpjWvndY59.188","action":"GetUpdates", "result":"DeleteReceived", "context":{"id":"aff90a82-615b-4d48-8a09-054615caf88b", "isDeleted:":"true", "version":"1726751951833"}}
{"logTime": "1012/113152", "correlationVector":"6TT7yIhnZchVIpjWvndY59.189","action":"GetUpdates", "result":"DeleteReceived", "context":{"id":"eadebcf6-f5e2-4791-b47a-689d1544831e", "isDeleted:":"true", "version":"1726759453098"}}
{"logTime": "1012/113152", "correlationVector":"6TT7yIhnZchVIpjWvndY59.190","action":"GetUpdates", "result":"DeleteReceived", "context":{"id":"78301d1d-420f-47ab-ac8a-b31a51cb5ef8", "isDeleted:":"true", "version":"1726763003239"}}
{"logTime": "1012/113152", "correlationVector":"6TT7yIhnZchVIpjWvndY59.191","action":"GetUpdates", "result":"DeleteReceived", "context":{"id":"16654965-1871-4154-941f-28d873c3afce", "isDeleted:":"true", "version":"1726763003240"}}
{"logTime": "1012/113152", "correlationVector":"6TT7yIhnZchVIpjWvndY59.192","action":"GetUpdates", "result":"DeleteReceived", "context":{"id":"dff51262-e8da-4ab0-aa95-b24a24059517", "isDeleted:":"true", "version":"1726763102727"}}
{"logTime": "1012/113152", "correlationVector":"6TT7yIhnZchVIpjWvndY59.193","action":"GetUpdates", "result":"DeleteReceived", "context":{"id":"44d07868-808a-4705-bcc0-d653f0c1fccb", "isDeleted:":"true", "version":"1726764732899"}}
{"logTime": "1012/113152", "correlationVector":"6TT7yIhnZchVIpjWvndY59.194","action":"GetUpdates", "result":"DeleteReceived", "context":{"id":"fe1fa20a-f703-4a45-a478-ce5d641bc9de", "isDeleted:":"true", "version":"1726764732902"}}
{"logTime": "1012/113152", "correlationVector":"6TT7yIhnZchVIpjWvndY59.195","action":"GetUpdates", "result":"DeleteReceived", "context":{"id":"f80dfad1-723f-4e0e-b5af-d0b63eb3ab10", "isDeleted:":"true", "version":"1726764764399"}}
{"logTime": "1012/113152", "correlationVector":"6TT7yIhnZchVIpjWvndY59.196","action":"GetUpdates", "result":"DeleteReceived", "context":{"id":"51b4b2a1-d435-4eb3-ad23-4d59b7c51ba9", "isDeleted:":"true", "version":"1726764764401"}}
{"logTime": "1012/113152", "correlationVector":"6TT7yIhnZchVIpjWvndY59.197","action":"GetUpdates", "result":"DeleteReceived", "context":{"id":"a4043a65-49b6-425c-b107-28f66f4d8ee1", "isDeleted:":"true", "version":"1726765161497"}}
{"logTime": "1012/113152", "correlationVector":"6TT7yIhnZchVIpjWvndY59.198","action":"GetUpdates", "result":"DeleteReceived", "context":{"id":"434545f5-d959-474e-9d86-14ae771c6f15", "isDeleted:":"true", "version":"1726769054068"}}
{"logTime": "1012/113152", "correlationVector":"6TT7yIhnZchVIpjWvndY59.199","action":"GetUpdates", "result":"DeleteReceived", "context":{"id":"a0f6f5b1-5186-4571-a3f8-df39cf00ba6d", "isDeleted:":"true", "version":"1726769080752"}}
{"logTime": "1012/113152", "correlationVector":"6TT7yIhnZchVIpjWvndY59.200","action":"GetUpdates", "result":"DeleteReceived", "context":{"id":"7485d51b-9924-4bc2-a799-5f7dbe14f0af", "isDeleted:":"true", "version":"1726769247165"}}
{"logTime": "1012/113152", "correlationVector":"6TT7yIhnZchVIpjWvndY59.201","action":"GetUpdates", "result":"DeleteReceived", "context":{"id":"139ef95c-04f5-4057-9ab6-65d089ad1b44", "isDeleted:":"true", "version":"1726769247169"}}
{"logTime": "1012/113152", "correlationVector":"6TT7yIhnZchVIpjWvndY59.202","action":"GetUpdates", "result":"DeleteReceived", "context":{"id":"34f8d86a-2b02-4b12-b3b3-43d0faaf9071", "isDeleted:":"true", "version":"1726770188943"}}
{"logTime": "1012/113152", "correlationVector":"6TT7yIhnZchVIpjWvndY59.203","action":"GetUpdates", "result":"DeleteReceived", "context":{"id":"4d9eb209-6af2-4ef3-a89c-f65069cb6a05", "isDeleted:":"true", "version":"1726773794267"}}
{"logTime": "1012/113152", "correlationVector":"6TT7yIhnZchVIpjWvndY59.204","action":"GetUpdates", "result":"DeleteReceived", "context":{"id":"29a35f77-d907-422a-986e-3bc9140df245", "isDeleted:":"true", "version":"1726832803968"}}
{"logTime": "1012/113152", "correlationVector":"6TT7yIhnZchVIpjWvndY59.205","action":"GetUpdates", "result":"DeleteReceived", "context":{"id":"5648732b-494e-49fa-ae93-e70f32ec53db", "isDeleted:":"true", "version":"1726837889683"}}
{"logTime": "1012/113152", "correlationVector":"6TT7yIhnZchVIpjWvndY59.206","action":"GetUpdates", "result":"DeleteReceived", "context":{"id":"27f52a1d-b57a-470b-96ef-7b6bcd15c25d", "isDeleted:":"true", "version":"1726859810433"}}
{"logTime": "1012/113152", "correlationVector":"6TT7yIhnZchVIpjWvndY59.207","action":"GetUpdates", "result":"DeleteReceived", "context":{"id":"b41c4e74-151b-4087-84aa-99976ac42e73", "isDeleted:":"true", "version":"1726906532949"}}
{"logTime": "1012/113152", "correlationVector":"6TT7yIhnZchVIpjWvndY59.208","action":"GetUpdates", "result":"DeleteReceived", "context":{"id":"e2d8993b-f345-45fc-a7ba-90b3d2c0df78", "isDeleted:":"true", "version":"1726906532950"}}
{"logTime": "1012/113152", "correlationVector":"6TT7yIhnZchVIpjWvndY59.209","action":"GetUpdates", "result":"DeleteReceived", "context":{"id":"e3b3397f-7231-4758-93e8-e1edfd2d9af9", "isDeleted:":"true", "version":"1726906532952"}}
{"logTime": "1012/113152", "correlationVector":"6TT7yIhnZchVIpjWvndY59.210","action":"GetUpdates", "result":"DeleteReceived", "context":{"id":"ea965007-992a-4870-a826-1cbe44165b46", "isDeleted:":"true", "version":"1726906936362"}}
{"logTime": "1012/113152", "correlationVector":"6TT7yIhnZchVIpjWvndY59.211","action":"GetUpdates", "result":"DeleteReceived", "context":{"id":"61ef71e5-2461-40ce-8896-8cc08b210a9c", "isDeleted:":"true", "version":"1726906936364"}}
{"logTime": "1012/113152", "correlationVector":"6TT7yIhnZchVIpjWvndY59.212","action":"GetUpdates Response", "result":"Success", "context":Received 250 update(s). cV=6TT7yIhnZchVIpjWvndY59.0;server=GENERAL01000012;cloudType=Consumer;environment=Prod_WestEurope_000l;migrationStage=NotStarted Some updates remain.}
{"logTime": "1012/113152", "correlationVector":"VR3q/G43MzutZr0jUAXamT","action":"Initial GetUpdates", "result":"", "context":Reason: NEWLY_SUPPORTED_DATATYPE. cV=VR3q/G43MzutZr0jUAXamT}
{"logTime": "1012/113152", "correlationVector":"VR3q/G43MzutZr0jUAXamT.1","action":"SyncServerConnectionManagerRequest", "result":"SYNC_SERVER_OK", "context":{"environment":"Prod_WestEurope_000l", "migrationStage":"NotStarted", "server":"GENERAL0100000W"}}
{"logTime": "1012/113152", "correlationVector":"VR3q/G43MzutZr0jUAXamT.2","action":"GetUpdates", "result":"DeleteReceived", "context":{"id":"9c2b34fd-789c-49ce-a26b-2974e54e9c57", "isDeleted:":"true", "version":"1726923003714"}}
{"logTime": "1012/113152", "correlationVector":"VR3q/G43MzutZr0jUAXamT.3","action":"GetUpdates", "result":"DeleteReceived", "context":{"id":"2cb387fe-c86f-4579-b57d-7d72e85ad09d", "isDeleted:":"true", "version":"1726923003715"}}
{"logTime": "1012/113152", "correlationVector":"VR3q/G43MzutZr0jUAXamT.4","action":"GetUpdates", "result":"DeleteReceived", "context":{"id":"b8b783ff-9253-4f7b-852b-752f1ec22c23", "isDeleted:":"true", "version":"1726927920643"}}
{"logTime": "1012/113152", "correlationVector":"VR3q/G43MzutZr0jUAXamT.5","action":"GetUpdates", "result":"DeleteReceived", "context":{"id":"3d1ec931-c80d-4345-981c-d7d7ff968375", "isDeleted:":"true", "version":"1726931012370"}}
{"logTime": "1012/113152", "correlationVector":"VR3q/G43MzutZr0jUAXamT.6","action":"GetUpdates", "result":"DeleteReceived", "context":{"id":"afc09953-18ca-467b-ba95-7a14d3e2d3de", "isDeleted:":"true", "version":"1726931214469"}}
{"logTime": "1012/113152", "correlationVector":"VR3q/G43MzutZr0jUAXamT.7","action":"GetUpdates", "result":"DeleteReceived", "context":{"id":"54aef7fb-f2ac-4954-ada9-695c0a9ad810", "isDeleted:":"true", "version":"1726997922250"}}
{"logTime": "1012/113152", "correlationVector":"VR3q/G43MzutZr0jUAXamT.8","action":"GetUpdates", "result":"DeleteReceived", "context":{"id":"45e6336b-88d8-4c75-91f8-a73efe5092c5", "isDeleted:":"true", "version":"1726998010780"}}
{"logTime": "1012/113152", "correlationVector":"VR3q/G43MzutZr0jUAXamT.9","action":"GetUpdates", "result":"DeleteReceived", "context":{"id":"4940ca67-867b-478b-87d2-d61975150480", "isDeleted:":"true", "version":"1726998010781"}}
{"logTime": "1012/113152", "correlationVector":"VR3q/G43MzutZr0jUAXamT.10","action":"GetUpdates", "result":"DeleteReceived", "context":{"id":"f8118370-627d-42d4-98bd-32c7f17b168d", "isDeleted:":"true", "version":"1727001514810"}}
{"logTime": "1012/113152", "correlationVector":"VR3q/G43MzutZr0jUAXamT.11","action":"GetUpdates", "result":"DeleteReceived", "context":{"id":"c517b1c6-e0c5-46ea-9518-b79a1d3bb504", "isDeleted:":"true", "version":"1727002481377"}}
{"logTime": "1012/113152", "correlationVector":"VR3q/G43MzutZr0jUAXamT.12","action":"GetUpdates", "result":"DeleteReceived", "context":{"id":"70e41b03-153c-44c7-ba6c-62cce06cd802", "isDeleted:":"true", "version":"1727004843912"}}
{"logTime": "1012/113152", "correlationVector":"VR3q/G43MzutZr0jUAXamT.13","action":"GetUpdates", "result":"DeleteReceived", "context":{"id":"60c62ee7-979c-4c23-b343-0a427586530e", "isDeleted:":"true", "version":"1727010006199"}}
{"logTime": "1012/113152", "correlationVector":"VR3q/G43MzutZr0jUAXamT.14","action":"GetUpdates", "result":"DeleteReceived", "context":{"id":"8908539d-178a-4c05-95dc-0903f5c11bea", "isDeleted:":"true", "version":"1727010006200"}}
{"logTime": "1012/113152", "correlationVector":"VR3q/G43MzutZr0jUAXamT.15","action":"GetUpdates", "result":"DeleteReceived", "context":{"id":"97e6551a-0e89-4871-bbdb-4f6d8d628465", "isDeleted:":"true", "version":"1727015096110"}}
{"logTime": "1012/113152", "correlationVector":"VR3q/G43MzutZr0jUAXamT.16","action":"GetUpdates", "result":"DeleteReceived", "context":{"id":"bd701f61-485f-4801-be04-52cf6628a3c0", "isDeleted:":"true", "version":"1727018593184"}}
{"logTime": "1012/113152", "correlationVector":"VR3q/G43MzutZr0jUAXamT.17","action":"GetUpdates", "result":"DeleteReceived", "context":{"id":"02786d2b-7930-4b0f-8eff-5dac5de86a75", "isDeleted:":"true", "version":"1727028533826"}}
{"logTime": "1012/113152", "correlationVector":"VR3q/G43MzutZr0jUAXamT.18","action":"GetUpdates", "result":"DeleteReceived", "context":{"id":"73a370bc-efda-4750-b05e-6f384b197140", "isDeleted:":"true", "version":"1727028533828"}}
{"logTime": "1012/113152", "correlationVector":"VR3q/G43MzutZr0jUAXamT.19","action":"GetUpdates", "result":"DeleteReceived", "context":{"id":"c6dc40d9-52d3-4ad0-91f6-5fb1e5bf3339", "isDeleted:":"true", "version":"1727029252611"}}
{"logTime": "1012/113152", "correlationVector":"VR3q/G43MzutZr0jUAXamT.20","action":"GetUpdates", "result":"DeleteReceived", "context":{"id":"21e00880-896d-4ad7-bd22-50b13f0c158e", "isDeleted:":"true", "version":"1727030778932"}}
{"logTime": "1012/113152", "correlationVector":"VR3q/G43MzutZr0jUAXamT.21","action":"GetUpdates", "result":"DeleteReceived", "context":{"id":"1b79e8b5-eb52-4b58-93e0-536a38f02e1c", "isDeleted:":"true", "version":"1727030778934"}}
{"logTime": "1012/113152", "correlationVector":"VR3q/G43MzutZr0jUAXamT.22","action":"GetUpdates", "result":"DeleteReceived", "context":{"id":"554c7ead-b17e-4e79-92ba-c796f4d181db", "isDeleted:":"true", "version":"1727032082718"}}
{"logTime": "1012/113152", "correlationVector":"VR3q/G43MzutZr0jUAXamT.23","action":"GetUpdates", "result":"DeleteReceived", "context":{"id":"648cee73-c964-42f9-9c80-07b9dd729d40", "isDeleted:":"true", "version":"1727032269283"}}
{"logTime": "1012/113152", "correlationVector":"VR3q/G43MzutZr0jUAXamT.24","action":"GetUpdates", "result":"DeleteReceived", "context":{"id":"d75b4b2f-c0ff-4107-836b-7eef3554fada", "isDeleted:":"true", "version":"1727032362205"}}
{"logTime": "1012/113152", "correlationVector":"VR3q/G43MzutZr0jUAXamT.25","action":"GetUpdates", "result":"DeleteReceived", "context":{"id":"be606c0d-b630-4384-8868-b86f83dd4c21", "isDeleted:":"true", "version":"1727032531965"}}
{"logTime": "1012/113152", "correlationVector":"VR3q/G43MzutZr0jUAXamT.26","action":"GetUpdates", "result":"DeleteReceived", "context":{"id":"02fbf67a-7190-439d-9b28-931f384a5ec7", "isDeleted:":"true", "version":"1727032531967"}}
{"logTime": "1012/113152", "correlationVector":"VR3q/G43MzutZr0jUAXamT.27","action":"GetUpdates", "result":"DeleteReceived", "context":{"id":"1d307bf1-dabb-4955-9772-6e272ce88f38", "isDeleted:":"true", "version":"1727032531970"}}
{"logTime": "1012/113152", "correlationVector":"VR3q/G43MzutZr0jUAXamT.28","action":"GetUpdates", "result":"DeleteReceived", "context":{"id":"5ca4f69f-cef1-4215-9d11-52651687b3d9", "isDeleted:":"true", "version":"1727032531971"}}
{"logTime": "1012/113152", "correlationVector":"VR3q/G43MzutZr0jUAXamT.29","action":"GetUpdates", "result":"DeleteReceived", "context":{"id":"6fca33ef-bc9a-4f94-aff5-c00ccd51a700", "isDeleted:":"true", "version":"1727033030164"}}
{"logTime": "1012/113152", "correlationVector":"VR3q/G43MzutZr0jUAXamT.30","action":"GetUpdates", "result":"DeleteReceived", "context":{"id":"acc83082-79b7-4004-8a29-61bfa12c7bc0", "isDeleted:":"true", "version":"1727033393038"}}
{"logTime": "1012/113152", "correlationVector":"VR3q/G43MzutZr0jUAXamT.31","action":"GetUpdates", "result":"DeleteReceived", "context":{"id":"d06878d2-45c4-45ef-96e1-0d71635dd6c3", "isDeleted:":"true", "version":"1727033393039"}}
{"logTime": "1012/113152", "correlationVector":"VR3q/G43MzutZr0jUAXamT.32","action":"GetUpdates", "result":"DeleteReceived", "context":{"id":"9a2f5daf-a3b3-4446-90f4-148c535c4303", "isDeleted:":"true", "version":"1727080831634"}}
{"logTime": "1012/113152", "correlationVector":"VR3q/G43MzutZr0jUAXamT.33","action":"GetUpdates", "result":"DeleteReceived", "context":{"id":"20cd8450-33ad-4d4d-be23-5e66edcc2027", "isDeleted:":"true", "version":"1727080831635"}}
{"logTime": "1012/113152", "correlationVector":"VR3q/G43MzutZr0jUAXamT.34","action":"GetUpdates", "result":"DeleteReceived", "context":{"id":"c485bf98-3fa1-45ae-9840-6253b376dc9c", "isDeleted:":"true", "version":"1727085231857"}}
{"logTime": "1012/113152", "correlationVector":"VR3q/G43MzutZr0jUAXamT.35","action":"GetUpdates", "result":"DeleteReceived", "context":{"id":"b6b15c2b-b800-4425-9a0a-d1b5649eb59a", "isDeleted:":"true", "version":"1727091896288"}}
{"logTime": "1012/113152", "correlationVector":"VR3q/G43MzutZr0jUAXamT.36","action":"GetUpdates", "result":"DeleteReceived", "context":{"id":"5ba9c435-1f23-4571-94c4-fb18038392c2", "isDeleted:":"true", "version":"1727092441424"}}
{"logTime": "1012/113152", "correlationVector":"VR3q/G43MzutZr0jUAXamT.37","action":"GetUpdates", "result":"DeleteReceived", "context":{"id":"0abd4547-6383-4362-99eb-5968f22da501", "isDeleted:":"true", "version":"1727119376201"}}
{"logTime": "1012/113152", "correlationVector":"VR3q/G43MzutZr0jUAXamT.38","action":"GetUpdates", "result":"DeleteReceived", "context":{"id":"fb2984fe-24c7-4546-b602-514357b9776a", "isDeleted:":"true", "version":"1727119468000"}}
{"logTime": "1012/113152", "correlationVector":"VR3q/G43MzutZr0jUAXamT.39","action":"GetUpdates", "result":"DeleteReceived", "context":{"id":"3e10bbf2-ac09-407e-a18e-ba244307ceb3", "isDeleted:":"true", "version":"1727119502317"}}
{"logTime": "1012/113152", "correlationVector":"VR3q/G43MzutZr0jUAXamT.40","action":"GetUpdates", "result":"DeleteReceived", "context":{"id":"76f46a62-6ed5-4e9d-a0f4-f2b5e94b2a97", "isDeleted:":"true", "version":"1727119502318"}}
{"logTime": "1012/113152", "correlationVector":"VR3q/G43MzutZr0jUAXamT.41","action":"GetUpdates", "result":"DeleteReceived", "context":{"id":"d701ae42-5baa-473f-961f-8b788ad31986", "isDeleted:":"true", "version":"1727119502319"}}
{"logTime": "1012/113152", "correlationVector":"VR3q/G43MzutZr0jUAXamT.42","action":"GetUpdates", "result":"DeleteReceived", "context":{"id":"768fcb35-1aa7-4e9b-a6df-dccb9a26c278", "isDeleted:":"true", "version":"1727119619614"}}
{"logTime": "1012/113152", "correlationVector":"VR3q/G43MzutZr0jUAXamT.43","action":"GetUpdates", "result":"DeleteReceived", "context":{"id":"3cb31dd1-657f-4fac-9597-9953c8a0310d", "isDeleted:":"true", "version":"1727119619615"}}
{"logTime": "1012/113152", "correlationVector":"VR3q/G43MzutZr0jUAXamT.44","action":"GetUpdates", "result":"DeleteReceived", "context":{"id":"d7469e68-9290-44f5-b1aa-c1397c9eb5d1", "isDeleted:":"true", "version":"1727119619616"}}
{"logTime": "1012/113152", "correlationVector":"VR3q/G43MzutZr0jUAXamT.45","action":"GetUpdates", "result":"DeleteReceived", "context":{"id":"dcef4f87-8407-47a1-9780-dd50eb1b968c", "isDeleted:":"true", "version":"1727120076499"}}
{"logTime": "1012/113152", "correlationVector":"VR3q/G43MzutZr0jUAXamT.46","action":"GetUpdates", "result":"DeleteReceived", "context":{"id":"b9bb956a-5f65-4af8-ada3-1a4a2faf5e9b", "isDeleted:":"true", "version":"1727120076500"}}
{"logTime": "1012/113152", "correlationVector":"VR3q/G43MzutZr0jUAXamT.47","action":"GetUpdates", "result":"DeleteReceived", "context":{"id":"718f183b-e730-4e06-abfa-7a238f79e663", "isDeleted:":"true", "version":"1727174659345"}}
{"logTime": "1012/113152", "correlationVector":"VR3q/G43MzutZr0jUAXamT.48","action":"GetUpdates", "result":"DeleteReceived", "context":{"id":"cc7ae00d-541a-4e11-a60d-10fcb82a0b29", "isDeleted:":"true", "version":"1727174659346"}}
{"logTime": "1012/113152", "correlationVector":"VR3q/G43MzutZr0jUAXamT.49","action":"GetUpdates", "result":"DeleteReceived", "context":{"id":"81dd46d7-0363-4bde-9710-365561e17c48", "isDeleted:":"true", "version":"1727174774338"}}
{"logTime": "1012/113152", "correlationVector":"VR3q/G43MzutZr0jUAXamT.50","action":"GetUpdates", "result":"DeleteReceived", "context":{"id":"572cb2c5-1fa5-4c1b-bccd-597d36311b5a", "isDeleted:":"true", "version":"1727175601727"}}
{"logTime": "1012/113152", "correlationVector":"VR3q/G43MzutZr0jUAXamT.51","action":"GetUpdates", "result":"DeleteReceived", "context":{"id":"350662bd-265e-4e5c-97d3-fe3f18b3e22c", "isDeleted:":"true", "version":"1727178533575"}}
{"logTime": "1012/113152", "correlationVector":"VR3q/G43MzutZr0jUAXamT.52","action":"GetUpdates", "result":"DeleteReceived", "context":{"id":"bd6c98d6-fbc3-4bb8-a70f-9674c7090b7d", "isDeleted:":"true", "version":"1727178533576"}}
{"logTime": "1012/113152", "correlationVector":"VR3q/G43MzutZr0jUAXamT.53","action":"GetUpdates", "result":"DeleteReceived", "context":{"id":"f1863659-1265-4666-80e7-92395c282dcb", "isDeleted:":"true", "version":"1727178533577"}}
{"logTime": "1012/113152", "correlationVector":"VR3q/G43MzutZr0jUAXamT.54","action":"GetUpdates", "result":"DeleteReceived", "context":{"id":"dddf4475-1512-4dd7-888c-25e9f18e2318", "isDeleted:":"true", "version":"1727182853208"}}
{"logTime": "1012/113152", "correlationVector":"VR3q/G43MzutZr0jUAXamT.55","action":"GetUpdates", "result":"DeleteReceived", "context":{"id":"65de5d46-1b0b-4b0b-86b3-92b42ded63e2", "isDeleted:":"true", "version":"1727206630125"}}
{"logTime": "1012/113152", "correlationVector":"VR3q/G43MzutZr0jUAXamT.56","action":"GetUpdates", "result":"DeleteReceived", "context":{"id":"904039ee-53b5-496e-ba67-d7793fafd028", "isDeleted:":"true", "version":"1727207095254"}}
{"logTime": "1012/113152", "correlationVector":"VR3q/G43MzutZr0jUAXamT.57","action":"GetUpdates", "result":"DeleteReceived", "context":{"id":"201b3d9f-ce78-4721-92c1-1de72c8d4dc5", "isDeleted:":"true", "version":"1727267248775"}}
{"logTime": "1012/113152", "correlationVector":"VR3q/G43MzutZr0jUAXamT.58","action":"GetUpdates", "result":"DeleteReceived", "context":{"id":"80e0efbf-bd3b-4896-86ec-ce6ad79697c9", "isDeleted:":"true", "version":"1727274195607"}}
{"logTime": "1012/113152", "correlationVector":"VR3q/G43MzutZr0jUAXamT.59","action":"GetUpdates", "result":"DeleteReceived", "context":{"id":"89bcbe7d-0bf2-48f7-bc87-29630f4b7127", "isDeleted:":"true", "version":"1727274195609"}}
{"logTime": "1012/113152", "correlationVector":"VR3q/G43MzutZr0jUAXamT.60","action":"GetUpdates", "result":"DeleteReceived", "context":{"id":"d2818138-58d5-4eed-aa6b-1f048e6fd17f", "isDeleted:":"true", "version":"1727274195611"}}
{"logTime": "1012/113152", "correlationVector":"VR3q/G43MzutZr0jUAXamT.61","action":"GetUpdates", "result":"DeleteReceived", "context":{"id":"8da922ec-ba40-419f-8e25-e044d23e30c8", "isDeleted:":"true", "version":"1727278204723"}}
{"logTime": "1012/113152", "correlationVector":"VR3q/G43MzutZr0jUAXamT.62","action":"GetUpdates", "result":"DeleteReceived", "context":{"id":"81c04ed0-f5f8-45d2-97e5-34aa44e6ea5e", "isDeleted:":"true", "version":"1727278204724"}}
{"logTime": "1012/113152", "correlationVector":"VR3q/G43MzutZr0jUAXamT.63","action":"GetUpdates", "result":"DeleteReceived", "context":{"id":"f1db1598-4958-4f56-91ea-4e1eef0fd93f", "isDeleted:":"true", "version":"1727289379689"}}
{"logTime": "1012/113152", "correlationVector":"VR3q/G43MzutZr0jUAXamT.64","action":"GetUpdates", "result":"DeleteReceived", "context":{"id":"f6539cb5-c81b-419b-847e-4a7eab90ac25", "isDeleted:":"true", "version":"1727289445362"}}
{"logTime": "1012/113152", "correlationVector":"VR3q/G43MzutZr0jUAXamT.65","action":"GetUpdates", "result":"DeleteReceived", "context":{"id":"5b8e9a1f-aed7-40eb-9a3e-2e5cbaa987be", "isDeleted:":"true", "version":"1727291269883"}}
{"logTime": "1012/113152", "correlationVector":"VR3q/G43MzutZr0jUAXamT.66","action":"GetUpdates", "result":"DeleteReceived", "context":{"id":"abcaca16-bfaa-45a5-8527-a2af8dae28d5", "isDeleted:":"true", "version":"1727349028024"}}
{"logTime": "1012/113152", "correlationVector":"VR3q/G43MzutZr0jUAXamT.67","action":"GetUpdates", "result":"DeleteReceived", "context":{"id":"5a2f97bc-e478-4353-b6e8-0be0f45d3917", "isDeleted:":"true", "version":"1727351415605"}}
{"logTime": "1012/113152", "correlationVector":"VR3q/G43MzutZr0jUAXamT.68","action":"GetUpdates", "result":"DeleteReceived", "context":{"id":"c59fa7fb-b118-4702-9147-b09a7101920e", "isDeleted:":"true", "version":"1727351514369"}}
{"logTime": "1012/113152", "correlationVector":"VR3q/G43MzutZr0jUAXamT.69","action":"GetUpdates", "result":"DeleteReceived", "context":{"id":"ac5bdf19-3650-4f8e-86de-5713bf5e4453", "isDeleted:":"true", "version":"1727351514373"}}
{"logTime": "1012/113152", "correlationVector":"VR3q/G43MzutZr0jUAXamT.70","action":"GetUpdates", "result":"DeleteReceived", "context":{"id":"8fb297ce-dd32-4409-859d-6b1639d86411", "isDeleted:":"true", "version":"1727351665711"}}
{"logTime": "1012/113152", "correlationVector":"VR3q/G43MzutZr0jUAXamT.71","action":"GetUpdates", "result":"DeleteReceived", "context":{"id":"2793f4ca-1634-45db-8b85-e45ef59503ce", "isDeleted:":"true", "version":"1727351696057"}}
{"logTime": "1012/113152", "correlationVector":"VR3q/G43MzutZr0jUAXamT.72","action":"GetUpdates", "result":"DeleteReceived", "context":{"id":"0803c254-179f-4da1-8ab9-e58466df894e", "isDeleted:":"true", "version":"1727351696060"}}
{"logTime": "1012/113152", "correlationVector":"VR3q/G43MzutZr0jUAXamT.73","action":"GetUpdates", "result":"DeleteReceived", "context":{"id":"b573cfe4-ce99-4c70-9432-69fdb0b459d0", "isDeleted:":"true", "version":"1727352054275"}}
{"logTime": "1012/113152", "correlationVector":"VR3q/G43MzutZr0jUAXamT.74","action":"GetUpdates", "result":"DeleteReceived", "context":{"id":"071c3329-f153-4186-aa02-172b872c9341", "isDeleted:":"true", "version":"1727352737556"}}
{"logTime": "1012/113152", "correlationVector":"VR3q/G43MzutZr0jUAXamT.75","action":"GetUpdates", "result":"DeleteReceived", "context":{"id":"d2a1d237-8784-4616-9bde-18d8a639e502", "isDeleted:":"true", "version":"1727353225010"}}
{"logTime": "1012/113152", "correlationVector":"VR3q/G43MzutZr0jUAXamT.76","action":"GetUpdates", "result":"DeleteReceived", "context":{"id":"a0c0531c-a30e-442c-854c-8999f4fb3056", "isDeleted:":"true", "version":"1727353518576"}}
{"logTime": "1012/113152", "correlationVector":"VR3q/G43MzutZr0jUAXamT.77","action":"GetUpdates", "result":"DeleteReceived", "context":{"id":"02505746-1468-44df-a583-6eb5bcecf219", "isDeleted:":"true", "version":"1727354141941"}}
{"logTime": "1012/113152", "correlationVector":"VR3q/G43MzutZr0jUAXamT.78","action":"GetUpdates", "result":"DeleteReceived", "context":{"id":"d9a75a39-2ef9-4ee8-b501-0cc06c54aa1a", "isDeleted:":"true", "version":"1727355791178"}}
{"logTime": "1012/113152", "correlationVector":"VR3q/G43MzutZr0jUAXamT.79","action":"GetUpdates", "result":"DeleteReceived", "context":{"id":"3fbd63b5-f09e-4837-8baa-a51c4dc2549b", "isDeleted:":"true", "version":"1727355791179"}}
{"logTime": "1012/113152", "correlationVector":"VR3q/G43MzutZr0jUAXamT.80","action":"GetUpdates", "result":"DeleteReceived", "context":{"id":"6f51aaeb-4fa0-4417-9e13-b75b5fd54a71", "isDeleted:":"true", "version":"1727356208883"}}
{"logTime": "1012/113152", "correlationVector":"VR3q/G43MzutZr0jUAXamT.81","action":"GetUpdates", "result":"DeleteReceived", "context":{"id":"205fe59d-c421-4268-ad13-a1062b2e7de7", "isDeleted:":"true", "version":"1727366868687"}}
{"logTime": "1012/113152", "correlationVector":"VR3q/G43MzutZr0jUAXamT.82","action":"GetUpdates", "result":"DeleteReceived", "context":{"id":"c1244111-9de5-4a78-b895-c41719ffaab2", "isDeleted:":"true", "version":"1727368887368"}}
{"logTime": "1012/113152", "correlationVector":"VR3q/G43MzutZr0jUAXamT.83","action":"GetUpdates", "result":"DeleteReceived", "context":{"id":"9e7b8ac0-57f7-474f-a353-144dc6f1a860", "isDeleted:":"true", "version":"1727369048853"}}
{"logTime": "1012/113152", "correlationVector":"VR3q/G43MzutZr0jUAXamT.84","action":"GetUpdates", "result":"DeleteReceived", "context":{"id":"ea1a7c4a-c2c7-4497-b70d-cd37e16fb1b5", "isDeleted:":"true", "version":"1727369048856"}}
{"logTime": "1012/113152", "correlationVector":"VR3q/G43MzutZr0jUAXamT.85","action":"GetUpdates", "result":"DeleteReceived", "context":{"id":"e96e8156-eb80-42f3-8c0b-075f7a5d7fe1", "isDeleted:":"true", "version":"1727369048857"}}
{"logTime": "1012/113152", "correlationVector":"VR3q/G43MzutZr0jUAXamT.86","action":"GetUpdates", "result":"DeleteReceived", "context":{"id":"e541c8a7-93e6-45a0-9a43-fff30857ca93", "isDeleted:":"true", "version":"1727369901114"}}
{"logTime": "1012/113152", "correlationVector":"VR3q/G43MzutZr0jUAXamT.87","action":"GetUpdates", "result":"DeleteReceived", "context":{"id":"8d5922ec-1d46-4aa7-a58e-5abe57162330", "isDeleted:":"true", "version":"1727369901116"}}
{"logTime": "1012/113152", "correlationVector":"VR3q/G43MzutZr0jUAXamT.88","action":"GetUpdates", "result":"DeleteReceived", "context":{"id":"c39e40e4-9b5f-463d-a02a-5a30241736d9", "isDeleted:":"true", "version":"1727370101436"}}
{"logTime": "1012/113152", "correlationVector":"VR3q/G43MzutZr0jUAXamT.89","action":"GetUpdates", "result":"DeleteReceived", "context":{"id":"b4e3e354-3c51-46ba-a796-827cca9b07a4", "isDeleted:":"true", "version":"1727370101440"}}
{"logTime": "1012/113152", "correlationVector":"VR3q/G43MzutZr0jUAXamT.90","action":"GetUpdates", "result":"DeleteReceived", "context":{"id":"0d90fc55-4f98-41a5-a2cc-235ce549f550", "isDeleted:":"true", "version":"1727370131922"}}
{"logTime": "1012/113152", "correlationVector":"VR3q/G43MzutZr0jUAXamT.91","action":"GetUpdates", "result":"DeleteReceived", "context":{"id":"0b080d87-51c8-4d86-b749-363533faf8e9", "isDeleted:":"true", "version":"1727370131923"}}
{"logTime": "1012/113152", "correlationVector":"VR3q/G43MzutZr0jUAXamT.92","action":"GetUpdates", "result":"DeleteReceived", "context":{"id":"6eaf37e3-1239-4be5-ad8b-e06425be168b", "isDeleted:":"true", "version":"1727370380821"}}
{"logTime": "1012/113152", "correlationVector":"VR3q/G43MzutZr0jUAXamT.93","action":"GetUpdates", "result":"DeleteReceived", "context":{"id":"170356be-fe13-4b6a-91cb-2cf2913e1a85", "isDeleted:":"true", "version":"1727370380822"}}
{"logTime": "1012/113152", "correlationVector":"VR3q/G43MzutZr0jUAXamT.94","action":"GetUpdates", "result":"DeleteReceived", "context":{"id":"3705be47-e5ce-4ce2-afcd-34f0c49cb56e", "isDeleted:":"true", "version":"1727437890257"}}
{"logTime": "1012/113152", "correlationVector":"VR3q/G43MzutZr0jUAXamT.95","action":"GetUpdates", "result":"DeleteReceived", "context":{"id":"84347be8-d5f0-44cb-8dc9-2f6541ccf6cd", "isDeleted:":"true", "version":"1727465880780"}}
{"logTime": "1012/113152", "correlationVector":"VR3q/G43MzutZr0jUAXamT.96","action":"GetUpdates", "result":"DeleteReceived", "context":{"id":"0e17a4da-ee29-4c73-80d8-672894930355", "isDeleted:":"true", "version":"1727465880781"}}
{"logTime": "1012/113152", "correlationVector":"VR3q/G43MzutZr0jUAXamT.97","action":"GetUpdates", "result":"DeleteReceived", "context":{"id":"df3e9f04-efd4-4ede-b2bb-5b2f27a8f075", "isDeleted:":"true", "version":"1727465912210"}}
{"logTime": "1012/113152", "correlationVector":"VR3q/G43MzutZr0jUAXamT.98","action":"GetUpdates", "result":"DeleteReceived", "context":{"id":"b24147fc-b1fa-4ba4-8f82-754c34e12930", "isDeleted:":"true", "version":"1727467892867"}}
{"logTime": "1012/113152", "correlationVector":"VR3q/G43MzutZr0jUAXamT.99","action":"GetUpdates", "result":"DeleteReceived", "context":{"id":"2fb068b8-83b2-4f00-ae76-6f47e4ed3759", "isDeleted:":"true", "version":"1727468243553"}}
{"logTime": "1012/113152", "correlationVector":"VR3q/G43MzutZr0jUAXamT.100","action":"GetUpdates", "result":"DeleteReceived", "context":{"id":"4f1ae0fa-e940-4811-9982-421f98041e0c", "isDeleted:":"true", "version":"1727513941657"}}
{"logTime": "1012/113152", "correlationVector":"VR3q/G43MzutZr0jUAXamT.101","action":"GetUpdates", "result":"DeleteReceived", "context":{"id":"0bc3a6d1-48dd-4461-9ce9-5537092cf6f6", "isDeleted:":"true", "version":"1727513941659"}}
{"logTime": "1012/113152", "correlationVector":"VR3q/G43MzutZr0jUAXamT.102","action":"GetUpdates", "result":"DeleteReceived", "context":{"id":"a19fc5e8-48d6-40b2-96a0-347b649f78f2", "isDeleted:":"true", "version":"1727513972148"}}
{"logTime": "1012/113152", "correlationVector":"VR3q/G43MzutZr0jUAXamT.103","action":"GetUpdates", "result":"DeleteReceived", "context":{"id":"8728553a-3910-4ed5-a7e5-7bde6eb683c3", "isDeleted:":"true", "version":"1727516670265"}}
{"logTime": "1012/113152", "correlationVector":"VR3q/G43MzutZr0jUAXamT.104","action":"GetUpdates", "result":"DeleteReceived", "context":{"id":"04da0112-1857-4de9-9033-e2c115aa1cfe", "isDeleted:":"true", "version":"1727516670266"}}
{"logTime": "1012/113152", "correlationVector":"VR3q/G43MzutZr0jUAXamT.105","action":"GetUpdates", "result":"DeleteReceived", "context":{"id":"3071a581-25c7-4467-95a8-422f310fd821", "isDeleted:":"true", "version":"1727516670268"}}
{"logTime": "1012/113152", "correlationVector":"VR3q/G43MzutZr0jUAXamT.106","action":"GetUpdates", "result":"DeleteReceived", "context":{"id":"a630d64a-e955-48a5-a65a-f2fcec747fff", "isDeleted:":"true", "version":"1727522772412"}}
{"logTime": "1012/113152", "correlationVector":"VR3q/G43MzutZr0jUAXamT.107","action":"GetUpdates", "result":"DeleteReceived", "context":{"id":"359d1e77-8be9-4a6e-8cda-6d5343452803", "isDeleted:":"true", "version":"1727522896589"}}
{"logTime": "1012/113152", "correlationVector":"VR3q/G43MzutZr0jUAXamT.108","action":"GetUpdates", "result":"DeleteReceived", "context":{"id":"a42b5996-90c9-4a2f-bf8c-09317c1f01a6", "isDeleted:":"true", "version":"1727523447522"}}
{"logTime": "1012/113152", "correlationVector":"VR3q/G43MzutZr0jUAXamT.109","action":"GetUpdates", "result":"DeleteReceived", "context":{"id":"3ea06ca4-3a89-4a87-be42-25fe159dd196", "isDeleted:":"true", "version":"1727526431182"}}
{"logTime": "1012/113152", "correlationVector":"VR3q/G43MzutZr0jUAXamT.110","action":"GetUpdates", "result":"DeleteReceived", "context":{"id":"22e05433-8759-447d-9095-126e4eed0e29", "isDeleted:":"true", "version":"1727526431183"}}
{"logTime": "1012/113152", "correlationVector":"VR3q/G43MzutZr0jUAXamT.111","action":"GetUpdates", "result":"DeleteReceived", "context":{"id":"642a15f7-6f97-4677-bd87-d5a594a8dc1a", "isDeleted:":"true", "version":"1727533585473"}}
{"logTime": "1012/113152", "correlationVector":"VR3q/G43MzutZr0jUAXamT.112","action":"GetUpdates", "result":"DeleteReceived", "context":{"id":"b3c0c508-cc66-4e63-98e7-95e5bee5aa9b", "isDeleted:":"true", "version":"1727545700181"}}
{"logTime": "1012/113152", "correlationVector":"VR3q/G43MzutZr0jUAXamT.113","action":"GetUpdates", "result":"DeleteReceived", "context":{"id":"03fd6878-1853-4783-80bc-13c689bbaefe", "isDeleted:":"true", "version":"1727547067686"}}
{"logTime": "1012/113152", "correlationVector":"VR3q/G43MzutZr0jUAXamT.114","action":"GetUpdates", "result":"DeleteReceived", "context":{"id":"69c58fe6-2aab-4a15-ba7a-002773232a7b", "isDeleted:":"true", "version":"1727547156362"}}
{"logTime": "1012/113152", "correlationVector":"VR3q/G43MzutZr0jUAXamT.115","action":"GetUpdates", "result":"DeleteReceived", "context":{"id":"c0dd9aa1-70f4-4551-817d-00a78f73f368", "isDeleted:":"true", "version":"1727606263378"}}
